2020-08-11 10:55:31.561  INFO 2008 --- [main] indi.ipan.DummyTest                      : Starting DummyTest on DESKTOP-NP2DBR7 with PID 2008 (started by Administrator in C:\Users\Administrator\eclipse-workspace\iPan)
2020-08-11 10:55:31.572  INFO 2008 --- [main] indi.ipan.DummyTest                      : No active profile set, falling back to default profiles: default
2020-08-11 10:55:32.739  WARN 2008 --- [main] o.m.s.mapper.ClassPathMapperScanner      : Skipping MapperFactoryBean with name 'fileDao' and 'indi.ipan.dao.FileDao' mapperInterface. Bean already defined with the same name!
2020-08-11 10:55:32.739  WARN 2008 --- [main] o.m.s.mapper.ClassPathMapperScanner      : Skipping MapperFactoryBean with name 'logDao' and 'indi.ipan.dao.LogDao' mapperInterface. Bean already defined with the same name!
2020-08-11 10:55:32.740  WARN 2008 --- [main] o.m.s.mapper.ClassPathMapperScanner      : Skipping MapperFactoryBean with name 'userDao' and 'indi.ipan.dao.UserDao' mapperInterface. Bean already defined with the same name!
2020-08-11 10:55:32.740  WARN 2008 --- [main] o.m.s.mapper.ClassPathMapperScanner      : No MyBatis mapper was found in '[indi.ipan.dao]' package. Please check your configuration.
2020-08-11 10:55:32.742  WARN 2008 --- [main] o.m.s.mapper.ClassPathMapperScanner      : Skipping MapperFactoryBean with name 'fileDao' and 'indi.ipan.dao.FileDao' mapperInterface. Bean already defined with the same name!
2020-08-11 10:55:32.742  WARN 2008 --- [main] o.m.s.mapper.ClassPathMapperScanner      : Skipping MapperFactoryBean with name 'logDao' and 'indi.ipan.dao.LogDao' mapperInterface. Bean already defined with the same name!
2020-08-11 10:55:32.742  WARN 2008 --- [main] o.m.s.mapper.ClassPathMapperScanner      : Skipping MapperFactoryBean with name 'userDao' and 'indi.ipan.dao.UserDao' mapperInterface. Bean already defined with the same name!
2020-08-11 10:55:32.742  WARN 2008 --- [main] o.m.s.mapper.ClassPathMapperScanner      : No MyBatis mapper was found in '[indi.ipan.dao]' package. Please check your configuration.
2020-08-11 10:55:33.415  INFO 2008 --- [main] trationDelegate$BeanPostProcessorChecker : Bean 'druiDataSource' of type [com.alibaba.druid.pool.DruidDataSource] is not eligible for getting processed by all BeanPostProcessors (for example: not eligible for auto-proxying)
2020-08-11 10:55:33.534  INFO 2008 --- [main] trationDelegate$BeanPostProcessorChecker : Bean 'spring.datasource-org.springframework.boot.autoconfigure.jdbc.DataSourceProperties' of type [org.springframework.boot.autoconfigure.jdbc.DataSourceProperties] is not eligible for getting processed by all BeanPostProcessors (for example: not eligible for auto-proxying)
2020-08-11 10:55:33.550  INFO 2008 --- [main] trationDelegate$BeanPostProcessorChecker : Bean 'org.springframework.boot.autoconfigure.jdbc.DataSourceInitializerInvoker' of type [org.springframework.boot.autoconfigure.jdbc.DataSourceInitializerInvoker] is not eligible for getting processed by all BeanPostProcessors (for example: not eligible for auto-proxying)
2020-08-11 10:55:33.572  INFO 2008 --- [main] trationDelegate$BeanPostProcessorChecker : Bean 'txManager1' of type [org.springframework.jdbc.datasource.DataSourceTransactionManager] is not eligible for getting processed by all BeanPostProcessors (for example: not eligible for auto-proxying)
2020-08-11 10:55:33.579  INFO 2008 --- [main] trationDelegate$BeanPostProcessorChecker : Bean 'druidConfig' of type [indi.ipan.config.DruidConfig$$EnhancerBySpringCGLIB$$79526cc2] is not eligible for getting processed by all BeanPostProcessors (for example: not eligible for auto-proxying)
2020-08-11 10:55:35.572  INFO 2008 --- [main] o.s.s.concurrent.ThreadPoolTaskExecutor  : Initializing ExecutorService 'applicationTaskExecutor'
2020-08-11 10:55:36.359  INFO 2008 --- [main] o.s.b.a.e.web.EndpointLinksResolver      : Exposing 2 endpoint(s) beneath base path '/actuator'
2020-08-11 10:55:36.435  INFO 2008 --- [main] indi.ipan.DummyTest                      : Started DummyTest in 5.361 seconds (JVM running for 6.795)
2020-08-11 10:55:36.817  INFO 2008 --- [main] indi.ipan.aspect.ControllerAspect        : sessionid={1
2020-08-11 10:55:36.818  INFO 2008 --- [main] indi.ipan.aspect.ControllerAspect        : url=http://localhost
2020-08-11 10:55:36.820  INFO 2008 --- [main] indi.ipan.aspect.ControllerAspect        : method=
2020-08-11 10:55:36.821  INFO 2008 --- [main] indi.ipan.aspect.ControllerAspect        : ip=127.0.0.1
2020-08-11 10:55:36.824  INFO 2008 --- [main] indi.ipan.aspect.ControllerAspect        : class_method=indi.ipan.controller.FileController.renameFile
2020-08-11 10:55:36.824  INFO 2008 --- [main] indi.ipan.aspect.ControllerAspect        : args=[1234, 6, 7]
2020-08-11 10:55:37.692  INFO 2008 --- [main] com.alibaba.druid.pool.DruidDataSource   : {dataSource-1} inited
2020-08-11 10:55:37.759 DEBUG 2008 --- [main] indi.ipan.mapper.LogMapperTest.insert    : ==>  Preparing: INSERT INTO user_operation_log ( username, operation, count ) VALUES ( ?, ?, ? ) 
2020-08-11 10:55:37.949 DEBUG 2008 --- [main] indi.ipan.mapper.LogMapperTest.insert    : ==> Parameters: 1234(String), renameFile(String), 1(Integer)
2020-08-11 10:55:37.963 DEBUG 2008 --- [main] indi.ipan.mapper.LogMapperTest.insert    : <==    Updates: 1
2020-08-11 10:55:38.012 DEBUG 2008 --- [main] i.i.mapper.FileMapperTest.selectCount    : ==>  Preparing: SELECT COUNT( 1 ) FROM file WHERE file_name=? AND username=? 
2020-08-11 10:55:38.073 DEBUG 2008 --- [main] i.i.mapper.FileMapperTest.selectCount    : ==> Parameters: 6(String), 1234(String)
2020-08-11 10:55:38.092 DEBUG 2008 --- [main] i.i.mapper.FileMapperTest.selectCount    : <==      Total: 1
2020-08-11 10:55:38.098 DEBUG 2008 --- [main] i.i.mapper.FileMapperTest.selectCount    : ==>  Preparing: SELECT COUNT( 1 ) FROM file WHERE file_name=? AND username=? 
2020-08-11 10:55:38.099 DEBUG 2008 --- [main] i.i.mapper.FileMapperTest.selectCount    : ==> Parameters: 7(String), 1234(String)
2020-08-11 10:55:38.101 DEBUG 2008 --- [main] i.i.mapper.FileMapperTest.selectCount    : <==      Total: 1
2020-08-11 10:55:38.107 DEBUG 2008 --- [main] indi.ipan.mapper.FileMapperTest.update   : ==>  Preparing: UPDATE file SET file_name=?, username=? WHERE file_name=? AND username=? 
2020-08-11 10:55:38.111 DEBUG 2008 --- [main] indi.ipan.mapper.FileMapperTest.update   : ==> Parameters: 7(String), 1234(String), 6(String), 1234(String)
2020-08-11 10:55:38.114 DEBUG 2008 --- [main] indi.ipan.mapper.FileMapperTest.update   : <==    Updates: 1
2020-08-11 10:55:38.128 DEBUG 2008 --- [main] i.ipan.mapper.LogMapperTest.updateById   : ==>  Preparing: UPDATE user_operation_log SET username=?, operation=?, count=?, status=? WHERE id=? 
2020-08-11 10:55:38.131 DEBUG 2008 --- [main] i.ipan.mapper.LogMapperTest.updateById   : ==> Parameters: 1234(String), renameFile(String), 1(Integer), true(Boolean), 38(Integer)
2020-08-11 10:55:38.135 DEBUG 2008 --- [main] i.ipan.mapper.LogMapperTest.updateById   : <==    Updates: 1
2020-08-11 10:55:38.141  INFO 2008 --- [main] indi.ipan.aspect.ControllerAspect        : response=Result[code=200,message=success,count=1]
2020-08-11 10:55:38.182  INFO 2008 --- [SpringContextShutdownHook] o.s.s.concurrent.ThreadPoolTaskExecutor  : Shutting down ExecutorService 'applicationTaskExecutor'
2020-08-11 10:55:38.184  INFO 2008 --- [SpringContextShutdownHook] com.alibaba.druid.pool.DruidDataSource   : {dataSource-1} closing ...
2020-08-11 10:55:38.193  INFO 2008 --- [SpringContextShutdownHook] com.alibaba.druid.pool.DruidDataSource   : {dataSource-1} closed
2020-08-11 10:57:23.987  INFO 11372 --- [main] indi.ipan.DummyTest                      : Starting DummyTest on DESKTOP-NP2DBR7 with PID 11372 (started by Administrator in C:\Users\Administrator\eclipse-workspace\iPan)
2020-08-11 10:57:23.988  INFO 11372 --- [main] indi.ipan.DummyTest                      : No active profile set, falling back to default profiles: default
2020-08-11 10:57:24.859  WARN 11372 --- [main] o.m.s.mapper.ClassPathMapperScanner      : Skipping MapperFactoryBean with name 'fileDao' and 'indi.ipan.dao.FileDao' mapperInterface. Bean already defined with the same name!
2020-08-11 10:57:24.860  WARN 11372 --- [main] o.m.s.mapper.ClassPathMapperScanner      : Skipping MapperFactoryBean with name 'logDao' and 'indi.ipan.dao.LogDao' mapperInterface. Bean already defined with the same name!
2020-08-11 10:57:24.860  WARN 11372 --- [main] o.m.s.mapper.ClassPathMapperScanner      : Skipping MapperFactoryBean with name 'userDao' and 'indi.ipan.dao.UserDao' mapperInterface. Bean already defined with the same name!
2020-08-11 10:57:24.860  WARN 11372 --- [main] o.m.s.mapper.ClassPathMapperScanner      : No MyBatis mapper was found in '[indi.ipan.dao]' package. Please check your configuration.
2020-08-11 10:57:24.875  WARN 11372 --- [main] o.m.s.mapper.ClassPathMapperScanner      : Skipping MapperFactoryBean with name 'fileDao' and 'indi.ipan.dao.FileDao' mapperInterface. Bean already defined with the same name!
2020-08-11 10:57:24.876  WARN 11372 --- [main] o.m.s.mapper.ClassPathMapperScanner      : Skipping MapperFactoryBean with name 'logDao' and 'indi.ipan.dao.LogDao' mapperInterface. Bean already defined with the same name!
2020-08-11 10:57:24.876  WARN 11372 --- [main] o.m.s.mapper.ClassPathMapperScanner      : Skipping MapperFactoryBean with name 'userDao' and 'indi.ipan.dao.UserDao' mapperInterface. Bean already defined with the same name!
2020-08-11 10:57:24.876  WARN 11372 --- [main] o.m.s.mapper.ClassPathMapperScanner      : No MyBatis mapper was found in '[indi.ipan.dao]' package. Please check your configuration.
2020-08-11 10:57:25.384  INFO 11372 --- [main] trationDelegate$BeanPostProcessorChecker : Bean 'druiDataSource' of type [com.alibaba.druid.pool.DruidDataSource] is not eligible for getting processed by all BeanPostProcessors (for example: not eligible for auto-proxying)
2020-08-11 10:57:25.490  INFO 11372 --- [main] trationDelegate$BeanPostProcessorChecker : Bean 'spring.datasource-org.springframework.boot.autoconfigure.jdbc.DataSourceProperties' of type [org.springframework.boot.autoconfigure.jdbc.DataSourceProperties] is not eligible for getting processed by all BeanPostProcessors (for example: not eligible for auto-proxying)
2020-08-11 10:57:25.504  INFO 11372 --- [main] trationDelegate$BeanPostProcessorChecker : Bean 'org.springframework.boot.autoconfigure.jdbc.DataSourceInitializerInvoker' of type [org.springframework.boot.autoconfigure.jdbc.DataSourceInitializerInvoker] is not eligible for getting processed by all BeanPostProcessors (for example: not eligible for auto-proxying)
2020-08-11 10:57:25.521  INFO 11372 --- [main] trationDelegate$BeanPostProcessorChecker : Bean 'txManager1' of type [org.springframework.jdbc.datasource.DataSourceTransactionManager] is not eligible for getting processed by all BeanPostProcessors (for example: not eligible for auto-proxying)
2020-08-11 10:57:25.526  INFO 11372 --- [main] trationDelegate$BeanPostProcessorChecker : Bean 'druidConfig' of type [indi.ipan.config.DruidConfig$$EnhancerBySpringCGLIB$$c0e4650c] is not eligible for getting processed by all BeanPostProcessors (for example: not eligible for auto-proxying)
2020-08-11 10:57:27.139  INFO 11372 --- [main] o.s.s.concurrent.ThreadPoolTaskExecutor  : Initializing ExecutorService 'applicationTaskExecutor'
2020-08-11 10:57:27.866  INFO 11372 --- [main] o.s.b.a.e.web.EndpointLinksResolver      : Exposing 2 endpoint(s) beneath base path '/actuator'
2020-08-11 10:57:27.952  INFO 11372 --- [main] indi.ipan.DummyTest                      : Started DummyTest in 4.314 seconds (JVM running for 5.154)
2020-08-11 10:57:28.216  INFO 11372 --- [main] indi.ipan.aspect.ControllerAspect        : sessionid={1
2020-08-11 10:57:28.216  INFO 11372 --- [main] indi.ipan.aspect.ControllerAspect        : url=http://localhost
2020-08-11 10:57:28.218  INFO 11372 --- [main] indi.ipan.aspect.ControllerAspect        : method=
2020-08-11 10:57:28.218  INFO 11372 --- [main] indi.ipan.aspect.ControllerAspect        : ip=127.0.0.1
2020-08-11 10:57:28.220  INFO 11372 --- [main] indi.ipan.aspect.ControllerAspect        : class_method=indi.ipan.controller.FileController.renameFile
2020-08-11 10:57:28.221  INFO 11372 --- [main] indi.ipan.aspect.ControllerAspect        : args=[1234, 7, 8]
2020-08-11 10:57:28.873  INFO 11372 --- [main] com.alibaba.druid.pool.DruidDataSource   : {dataSource-1} inited
2020-08-11 10:57:28.936 DEBUG 11372 --- [main] indi.ipan.mapper.LogMapperTest.insert    : ==>  Preparing: INSERT INTO user_operation_log ( username, operation, count ) VALUES ( ?, ?, ? ) 
2020-08-11 10:57:29.155 DEBUG 11372 --- [main] indi.ipan.mapper.LogMapperTest.insert    : ==> Parameters: 1234(String), renameFile(String), 1(Integer)
2020-08-11 10:57:29.163 DEBUG 11372 --- [main] indi.ipan.mapper.LogMapperTest.insert    : <==    Updates: 1
2020-08-11 10:57:29.229 DEBUG 11372 --- [main] i.i.mapper.FileMapperTest.selectCount    : ==>  Preparing: SELECT COUNT( 1 ) FROM file WHERE file_name=? AND username=? 
2020-08-11 10:57:29.278 DEBUG 11372 --- [main] i.i.mapper.FileMapperTest.selectCount    : ==> Parameters: 7(String), 1234(String)
2020-08-11 10:57:29.290 DEBUG 11372 --- [main] i.i.mapper.FileMapperTest.selectCount    : <==      Total: 1
2020-08-11 10:57:29.294 DEBUG 11372 --- [main] i.i.mapper.FileMapperTest.selectCount    : ==>  Preparing: SELECT COUNT( 1 ) FROM file WHERE file_name=? AND username=? 
2020-08-11 10:57:29.296 DEBUG 11372 --- [main] i.i.mapper.FileMapperTest.selectCount    : ==> Parameters: 8(String), 1234(String)
2020-08-11 10:57:29.297 DEBUG 11372 --- [main] i.i.mapper.FileMapperTest.selectCount    : <==      Total: 1
2020-08-11 10:57:29.302 DEBUG 11372 --- [main] indi.ipan.mapper.FileMapperTest.update   : ==>  Preparing: UPDATE file SET file_name=?, username=? WHERE file_name=? AND username=? 
2020-08-11 10:57:29.306 DEBUG 11372 --- [main] indi.ipan.mapper.FileMapperTest.update   : ==> Parameters: 8(String), 1234(String), 7(String), 1234(String)
2020-08-11 10:57:29.309 DEBUG 11372 --- [main] indi.ipan.mapper.FileMapperTest.update   : <==    Updates: 1
2020-08-11 10:57:29.315 ERROR 11372 --- [main] indi.ipan.service.impl.FileSeriveImpl    : / by zero

java.lang.ArithmeticException: / by zero
	at indi.ipan.service.impl.FileSeriveImpl.renameFile(FileSeriveImpl.java:131) ~[classes/:na]
	at indi.ipan.service.impl.FileSeriveImpl$$FastClassBySpringCGLIB$$63af4ff3.invoke(<generated>) [classes/:na]
	at org.springframework.cglib.proxy.MethodProxy.invoke(MethodProxy.java:218) [spring-core-5.2.7.RELEASE.jar:5.2.7.RELEASE]
	at org.springframework.aop.framework.CglibAopProxy$DynamicAdvisedInterceptor.intercept(CglibAopProxy.java:687) [spring-aop-5.2.7.RELEASE.jar:5.2.7.RELEASE]
	at indi.ipan.service.impl.FileSeriveImpl$$EnhancerBySpringCGLIB$$a306bd93.renameFile(<generated>) [classes/:na]
	at indi.ipan.controller.FileController.renameFile(FileController.java:74) [classes/:na]
	at indi.ipan.controller.FileController$$FastClassBySpringCGLIB$$590bb314.invoke(<generated>) [classes/:na]
	at org.springframework.cglib.proxy.MethodProxy.invoke(MethodProxy.java:218) [spring-core-5.2.7.RELEASE.jar:5.2.7.RELEASE]
	at org.springframework.aop.framework.CglibAopProxy$CglibMethodInvocation.invokeJoinpoint(CglibAopProxy.java:771) [spring-aop-5.2.7.RELEASE.jar:5.2.7.RELEASE]
	at org.springframework.aop.framework.ReflectiveMethodInvocation.proceed(ReflectiveMethodInvocation.java:163) [spring-aop-5.2.7.RELEASE.jar:5.2.7.RELEASE]
	at org.springframework.aop.framework.CglibAopProxy$CglibMethodInvocation.proceed(CglibAopProxy.java:749) [spring-aop-5.2.7.RELEASE.jar:5.2.7.RELEASE]
	at org.springframework.aop.aspectj.AspectJAfterThrowingAdvice.invoke(AspectJAfterThrowingAdvice.java:62) [spring-aop-5.2.7.RELEASE.jar:5.2.7.RELEASE]
	at org.springframework.aop.framework.ReflectiveMethodInvocation.proceed(ReflectiveMethodInvocation.java:186) [spring-aop-5.2.7.RELEASE.jar:5.2.7.RELEASE]
	at org.springframework.aop.framework.CglibAopProxy$CglibMethodInvocation.proceed(CglibAopProxy.java:749) [spring-aop-5.2.7.RELEASE.jar:5.2.7.RELEASE]
	at org.springframework.aop.framework.adapter.AfterReturningAdviceInterceptor.invoke(AfterReturningAdviceInterceptor.java:55) [spring-aop-5.2.7.RELEASE.jar:5.2.7.RELEASE]
	at org.springframework.aop.framework.ReflectiveMethodInvocation.proceed(ReflectiveMethodInvocation.java:186) [spring-aop-5.2.7.RELEASE.jar:5.2.7.RELEASE]
	at org.springframework.aop.framework.CglibAopProxy$CglibMethodInvocation.proceed(CglibAopProxy.java:749) [spring-aop-5.2.7.RELEASE.jar:5.2.7.RELEASE]
	at org.springframework.aop.framework.adapter.MethodBeforeAdviceInterceptor.invoke(MethodBeforeAdviceInterceptor.java:56) [spring-aop-5.2.7.RELEASE.jar:5.2.7.RELEASE]
	at org.springframework.aop.framework.ReflectiveMethodInvocation.proceed(ReflectiveMethodInvocation.java:186) [spring-aop-5.2.7.RELEASE.jar:5.2.7.RELEASE]
	at org.springframework.aop.framework.CglibAopProxy$CglibMethodInvocation.proceed(CglibAopProxy.java:749) [spring-aop-5.2.7.RELEASE.jar:5.2.7.RELEASE]
	at org.springframework.aop.interceptor.ExposeInvocationInterceptor.invoke(ExposeInvocationInterceptor.java:95) [spring-aop-5.2.7.RELEASE.jar:5.2.7.RELEASE]
	at org.springframework.aop.framework.ReflectiveMethodInvocation.proceed(ReflectiveMethodInvocation.java:186) [spring-aop-5.2.7.RELEASE.jar:5.2.7.RELEASE]
	at org.springframework.aop.framework.CglibAopProxy$CglibMethodInvocation.proceed(CglibAopProxy.java:749) [spring-aop-5.2.7.RELEASE.jar:5.2.7.RELEASE]
	at org.springframework.aop.framework.CglibAopProxy$DynamicAdvisedInterceptor.intercept(CglibAopProxy.java:691) [spring-aop-5.2.7.RELEASE.jar:5.2.7.RELEASE]
	at indi.ipan.controller.FileController$$EnhancerBySpringCGLIB$$39d3f462.renameFile(<generated>) [classes/:na]
	at indi.ipan.DummyTest.test(DummyTest.java:32) [test-classes/:na]
	at sun.reflect.NativeMethodAccessorImpl.invoke0(Native Method) ~[na:1.8.0_211]
	at sun.reflect.NativeMethodAccessorImpl.invoke(NativeMethodAccessorImpl.java:62) ~[na:1.8.0_211]
	at sun.reflect.DelegatingMethodAccessorImpl.invoke(DelegatingMethodAccessorImpl.java:43) ~[na:1.8.0_211]
	at java.lang.reflect.Method.invoke(Method.java:498) ~[na:1.8.0_211]
	at org.junit.platform.commons.util.ReflectionUtils.invokeMethod(ReflectionUtils.java:686) [junit-platform-commons-1.6.2.jar:1.6.2]
	at org.junit.jupiter.engine.execution.MethodInvocation.proceed(MethodInvocation.java:60) [junit-jupiter-engine-5.6.2.jar:5.6.2]
	at org.junit.jupiter.engine.execution.InvocationInterceptorChain$ValidatingInvocation.proceed(InvocationInterceptorChain.java:131) [junit-jupiter-engine-5.6.2.jar:5.6.2]
	at org.junit.jupiter.engine.extension.TimeoutExtension.intercept(TimeoutExtension.java:149) [junit-jupiter-engine-5.6.2.jar:5.6.2]
	at org.junit.jupiter.engine.extension.TimeoutExtension.interceptTestableMethod(TimeoutExtension.java:140) [junit-jupiter-engine-5.6.2.jar:5.6.2]
	at org.junit.jupiter.engine.extension.TimeoutExtension.interceptTestMethod(TimeoutExtension.java:84) [junit-jupiter-engine-5.6.2.jar:5.6.2]
	at org.junit.jupiter.engine.execution.ExecutableInvoker$ReflectiveInterceptorCall.lambda$ofVoidMethod$0(ExecutableInvoker.java:115) ~[junit-jupiter-engine-5.6.2.jar:5.6.2]
	at org.junit.jupiter.engine.execution.ExecutableInvoker.lambda$invoke$0(ExecutableInvoker.java:105) ~[junit-jupiter-engine-5.6.2.jar:5.6.2]
	at org.junit.jupiter.engine.execution.InvocationInterceptorChain$InterceptedInvocation.proceed(InvocationInterceptorChain.java:106) ~[junit-jupiter-engine-5.6.2.jar:5.6.2]
	at org.junit.jupiter.engine.execution.InvocationInterceptorChain.proceed(InvocationInterceptorChain.java:64) ~[junit-jupiter-engine-5.6.2.jar:5.6.2]
	at org.junit.jupiter.engine.execution.InvocationInterceptorChain.chainAndInvoke(InvocationInterceptorChain.java:45) ~[junit-jupiter-engine-5.6.2.jar:5.6.2]
	at org.junit.jupiter.engine.execution.InvocationInterceptorChain.invoke(InvocationInterceptorChain.java:37) ~[junit-jupiter-engine-5.6.2.jar:5.6.2]
	at org.junit.jupiter.engine.execution.ExecutableInvoker.invoke(ExecutableInvoker.java:104) ~[junit-jupiter-engine-5.6.2.jar:5.6.2]
	at org.junit.jupiter.engine.execution.ExecutableInvoker.invoke(ExecutableInvoker.java:98) ~[junit-jupiter-engine-5.6.2.jar:5.6.2]
	at org.junit.jupiter.engine.descriptor.TestMethodTestDescriptor.lambda$invokeTestMethod$6(TestMethodTestDescriptor.java:212) ~[junit-jupiter-engine-5.6.2.jar:5.6.2]
	at org.junit.platform.engine.support.hierarchical.ThrowableCollector.execute(ThrowableCollector.java:73) ~[junit-platform-engine-1.6.2.jar:1.6.2]
	at org.junit.jupiter.engine.descriptor.TestMethodTestDescriptor.invokeTestMethod(TestMethodTestDescriptor.java:208) ~[junit-jupiter-engine-5.6.2.jar:5.6.2]
	at org.junit.jupiter.engine.descriptor.TestMethodTestDescriptor.execute(TestMethodTestDescriptor.java:137) ~[junit-jupiter-engine-5.6.2.jar:5.6.2]
	at org.junit.jupiter.engine.descriptor.TestMethodTestDescriptor.execute(TestMethodTestDescriptor.java:71) ~[junit-jupiter-engine-5.6.2.jar:5.6.2]
	at org.junit.platform.engine.support.hierarchical.NodeTestTask.lambda$executeRecursively$5(NodeTestTask.java:135) ~[junit-platform-engine-1.6.2.jar:1.6.2]
	at org.junit.platform.engine.support.hierarchical.ThrowableCollector.execute(ThrowableCollector.java:73) ~[junit-platform-engine-1.6.2.jar:1.6.2]
	at org.junit.platform.engine.support.hierarchical.NodeTestTask.lambda$executeRecursively$7(NodeTestTask.java:125) ~[junit-platform-engine-1.6.2.jar:1.6.2]
	at org.junit.platform.engine.support.hierarchical.Node.around(Node.java:135) ~[junit-platform-engine-1.6.2.jar:1.6.2]
	at org.junit.platform.engine.support.hierarchical.NodeTestTask.lambda$executeRecursively$8(NodeTestTask.java:123) ~[junit-platform-engine-1.6.2.jar:1.6.2]
	at org.junit.platform.engine.support.hierarchical.ThrowableCollector.execute(ThrowableCollector.java:73) ~[junit-platform-engine-1.6.2.jar:1.6.2]
	at org.junit.platform.engine.support.hierarchical.NodeTestTask.executeRecursively(NodeTestTask.java:122) ~[junit-platform-engine-1.6.2.jar:1.6.2]
	at org.junit.platform.engine.support.hierarchical.NodeTestTask.execute(NodeTestTask.java:80) ~[junit-platform-engine-1.6.2.jar:1.6.2]
	at java.util.ArrayList.forEach(ArrayList.java:1257) ~[na:1.8.0_211]
	at org.junit.platform.engine.support.hierarchical.SameThreadHierarchicalTestExecutorService.invokeAll(SameThreadHierarchicalTestExecutorService.java:38) ~[junit-platform-engine-1.6.2.jar:1.6.2]
	at org.junit.platform.engine.support.hierarchical.NodeTestTask.lambda$executeRecursively$5(NodeTestTask.java:139) ~[junit-platform-engine-1.6.2.jar:1.6.2]
	at org.junit.platform.engine.support.hierarchical.ThrowableCollector.execute(ThrowableCollector.java:73) ~[junit-platform-engine-1.6.2.jar:1.6.2]
	at org.junit.platform.engine.support.hierarchical.NodeTestTask.lambda$executeRecursively$7(NodeTestTask.java:125) ~[junit-platform-engine-1.6.2.jar:1.6.2]
	at org.junit.platform.engine.support.hierarchical.Node.around(Node.java:135) ~[junit-platform-engine-1.6.2.jar:1.6.2]
	at org.junit.platform.engine.support.hierarchical.NodeTestTask.lambda$executeRecursively$8(NodeTestTask.java:123) ~[junit-platform-engine-1.6.2.jar:1.6.2]
	at org.junit.platform.engine.support.hierarchical.ThrowableCollector.execute(ThrowableCollector.java:73) ~[junit-platform-engine-1.6.2.jar:1.6.2]
	at org.junit.platform.engine.support.hierarchical.NodeTestTask.executeRecursively(NodeTestTask.java:122) ~[junit-platform-engine-1.6.2.jar:1.6.2]
	at org.junit.platform.engine.support.hierarchical.NodeTestTask.execute(NodeTestTask.java:80) ~[junit-platform-engine-1.6.2.jar:1.6.2]
	at java.util.ArrayList.forEach(ArrayList.java:1257) ~[na:1.8.0_211]
	at org.junit.platform.engine.support.hierarchical.SameThreadHierarchicalTestExecutorService.invokeAll(SameThreadHierarchicalTestExecutorService.java:38) ~[junit-platform-engine-1.6.2.jar:1.6.2]
	at org.junit.platform.engine.support.hierarchical.NodeTestTask.lambda$executeRecursively$5(NodeTestTask.java:139) ~[junit-platform-engine-1.6.2.jar:1.6.2]
	at org.junit.platform.engine.support.hierarchical.ThrowableCollector.execute(ThrowableCollector.java:73) ~[junit-platform-engine-1.6.2.jar:1.6.2]
	at org.junit.platform.engine.support.hierarchical.NodeTestTask.lambda$executeRecursively$7(NodeTestTask.java:125) ~[junit-platform-engine-1.6.2.jar:1.6.2]
	at org.junit.platform.engine.support.hierarchical.Node.around(Node.java:135) ~[junit-platform-engine-1.6.2.jar:1.6.2]
	at org.junit.platform.engine.support.hierarchical.NodeTestTask.lambda$executeRecursively$8(NodeTestTask.java:123) ~[junit-platform-engine-1.6.2.jar:1.6.2]
	at org.junit.platform.engine.support.hierarchical.ThrowableCollector.execute(ThrowableCollector.java:73) ~[junit-platform-engine-1.6.2.jar:1.6.2]
	at org.junit.platform.engine.support.hierarchical.NodeTestTask.executeRecursively(NodeTestTask.java:122) ~[junit-platform-engine-1.6.2.jar:1.6.2]
	at org.junit.platform.engine.support.hierarchical.NodeTestTask.execute(NodeTestTask.java:80) ~[junit-platform-engine-1.6.2.jar:1.6.2]
	at org.junit.platform.engine.support.hierarchical.SameThreadHierarchicalTestExecutorService.submit(SameThreadHierarchicalTestExecutorService.java:32) ~[junit-platform-engine-1.6.2.jar:1.6.2]
	at org.junit.platform.engine.support.hierarchical.HierarchicalTestExecutor.execute(HierarchicalTestExecutor.java:57) ~[junit-platform-engine-1.6.2.jar:1.6.2]
	at org.junit.platform.engine.support.hierarchical.HierarchicalTestEngine.execute(HierarchicalTestEngine.java:51) ~[junit-platform-engine-1.6.2.jar:1.6.2]
	at org.junit.platform.launcher.core.DefaultLauncher.execute(DefaultLauncher.java:248) ~[junit-platform-launcher-1.6.2.jar:1.6.2]
	at org.junit.platform.launcher.core.DefaultLauncher.lambda$execute$5(DefaultLauncher.java:211) ~[junit-platform-launcher-1.6.2.jar:1.6.2]
	at org.junit.platform.launcher.core.DefaultLauncher.withInterceptedStreams(DefaultLauncher.java:226) ~[junit-platform-launcher-1.6.2.jar:1.6.2]
	at org.junit.platform.launcher.core.DefaultLauncher.execute(DefaultLauncher.java:199) ~[junit-platform-launcher-1.6.2.jar:1.6.2]
	at org.junit.platform.launcher.core.DefaultLauncher.execute(DefaultLauncher.java:141) ~[junit-platform-launcher-1.6.2.jar:1.6.2]
	at org.eclipse.jdt.internal.junit5.runner.JUnit5TestReference.run(JUnit5TestReference.java:98) ~[.cp/:na]
	at org.eclipse.jdt.internal.junit.runner.TestExecution.run(TestExecution.java:41) ~[.cp/:na]
	at org.eclipse.jdt.internal.junit.runner.RemoteTestRunner.runTests(RemoteTestRunner.java:542) ~[.cp/:na]
	at org.eclipse.jdt.internal.junit.runner.RemoteTestRunner.runTests(RemoteTestRunner.java:770) ~[.cp/:na]
	at org.eclipse.jdt.internal.junit.runner.RemoteTestRunner.run(RemoteTestRunner.java:464) ~[.cp/:na]
	at org.eclipse.jdt.internal.junit.runner.RemoteTestRunner.main(RemoteTestRunner.java:210) ~[.cp/:na]

2020-08-11 10:57:29.324 DEBUG 11372 --- [main] i.ipan.mapper.LogMapperTest.updateById   : ==>  Preparing: UPDATE user_operation_log SET username=?, operation=?, count=?, status=? WHERE id=? 
2020-08-11 10:57:29.326 DEBUG 11372 --- [main] i.ipan.mapper.LogMapperTest.updateById   : ==> Parameters: 1234(String), renameFile(String), 1(Integer), false(Boolean), 39(Integer)
2020-08-11 10:57:29.328 DEBUG 11372 --- [main] i.ipan.mapper.LogMapperTest.updateById   : <==    Updates: 1
2020-08-11 10:57:29.334  INFO 11372 --- [main] indi.ipan.aspect.ControllerAspect        : Operation fail
2020-08-11 10:57:29.364  INFO 11372 --- [SpringContextShutdownHook] o.s.s.concurrent.ThreadPoolTaskExecutor  : Shutting down ExecutorService 'applicationTaskExecutor'
2020-08-11 10:57:29.365  INFO 11372 --- [SpringContextShutdownHook] com.alibaba.druid.pool.DruidDataSource   : {dataSource-1} closing ...
2020-08-11 10:57:29.370  INFO 11372 --- [SpringContextShutdownHook] com.alibaba.druid.pool.DruidDataSource   : {dataSource-1} closed
2020-08-11 11:01:24.886  INFO 11320 --- [main] indi.ipan.DummyTest                      : Starting DummyTest on DESKTOP-NP2DBR7 with PID 11320 (started by Administrator in C:\Users\Administrator\eclipse-workspace\iPan)
2020-08-11 11:01:24.888  INFO 11320 --- [main] indi.ipan.DummyTest                      : No active profile set, falling back to default profiles: default
2020-08-11 11:01:25.735  WARN 11320 --- [main] o.m.s.mapper.ClassPathMapperScanner      : Skipping MapperFactoryBean with name 'fileDao' and 'indi.ipan.dao.FileDao' mapperInterface. Bean already defined with the same name!
2020-08-11 11:01:25.736  WARN 11320 --- [main] o.m.s.mapper.ClassPathMapperScanner      : Skipping MapperFactoryBean with name 'logDao' and 'indi.ipan.dao.LogDao' mapperInterface. Bean already defined with the same name!
2020-08-11 11:01:25.736  WARN 11320 --- [main] o.m.s.mapper.ClassPathMapperScanner      : Skipping MapperFactoryBean with name 'userDao' and 'indi.ipan.dao.UserDao' mapperInterface. Bean already defined with the same name!
2020-08-11 11:01:25.736  WARN 11320 --- [main] o.m.s.mapper.ClassPathMapperScanner      : No MyBatis mapper was found in '[indi.ipan.dao]' package. Please check your configuration.
2020-08-11 11:01:25.738  WARN 11320 --- [main] o.m.s.mapper.ClassPathMapperScanner      : Skipping MapperFactoryBean with name 'fileDao' and 'indi.ipan.dao.FileDao' mapperInterface. Bean already defined with the same name!
2020-08-11 11:01:25.738  WARN 11320 --- [main] o.m.s.mapper.ClassPathMapperScanner      : Skipping MapperFactoryBean with name 'logDao' and 'indi.ipan.dao.LogDao' mapperInterface. Bean already defined with the same name!
2020-08-11 11:01:25.738  WARN 11320 --- [main] o.m.s.mapper.ClassPathMapperScanner      : Skipping MapperFactoryBean with name 'userDao' and 'indi.ipan.dao.UserDao' mapperInterface. Bean already defined with the same name!
2020-08-11 11:01:25.739  WARN 11320 --- [main] o.m.s.mapper.ClassPathMapperScanner      : No MyBatis mapper was found in '[indi.ipan.dao]' package. Please check your configuration.
2020-08-11 11:01:26.257  INFO 11320 --- [main] trationDelegate$BeanPostProcessorChecker : Bean 'druiDataSource' of type [com.alibaba.druid.pool.DruidDataSource] is not eligible for getting processed by all BeanPostProcessors (for example: not eligible for auto-proxying)
2020-08-11 11:01:26.357  INFO 11320 --- [main] trationDelegate$BeanPostProcessorChecker : Bean 'spring.datasource-org.springframework.boot.autoconfigure.jdbc.DataSourceProperties' of type [org.springframework.boot.autoconfigure.jdbc.DataSourceProperties] is not eligible for getting processed by all BeanPostProcessors (for example: not eligible for auto-proxying)
2020-08-11 11:01:26.368  INFO 11320 --- [main] trationDelegate$BeanPostProcessorChecker : Bean 'org.springframework.boot.autoconfigure.jdbc.DataSourceInitializerInvoker' of type [org.springframework.boot.autoconfigure.jdbc.DataSourceInitializerInvoker] is not eligible for getting processed by all BeanPostProcessors (for example: not eligible for auto-proxying)
2020-08-11 11:01:26.381  INFO 11320 --- [main] trationDelegate$BeanPostProcessorChecker : Bean 'txManager1' of type [org.springframework.jdbc.datasource.DataSourceTransactionManager] is not eligible for getting processed by all BeanPostProcessors (for example: not eligible for auto-proxying)
2020-08-11 11:01:26.387  INFO 11320 --- [main] trationDelegate$BeanPostProcessorChecker : Bean 'druidConfig' of type [indi.ipan.config.DruidConfig$$EnhancerBySpringCGLIB$$43166e9f] is not eligible for getting processed by all BeanPostProcessors (for example: not eligible for auto-proxying)
2020-08-11 11:01:27.935  INFO 11320 --- [main] o.s.s.concurrent.ThreadPoolTaskExecutor  : Initializing ExecutorService 'applicationTaskExecutor'
2020-08-11 11:01:28.682  INFO 11320 --- [main] o.s.b.a.e.web.EndpointLinksResolver      : Exposing 2 endpoint(s) beneath base path '/actuator'
2020-08-11 11:01:28.771  INFO 11320 --- [main] indi.ipan.DummyTest                      : Started DummyTest in 4.209 seconds (JVM running for 5.024)
2020-08-11 11:01:29.023  INFO 11320 --- [main] indi.ipan.aspect.ControllerAspect        : sessionid={1
2020-08-11 11:01:29.024  INFO 11320 --- [main] indi.ipan.aspect.ControllerAspect        : url=http://localhost
2020-08-11 11:01:29.026  INFO 11320 --- [main] indi.ipan.aspect.ControllerAspect        : method=
2020-08-11 11:01:29.026  INFO 11320 --- [main] indi.ipan.aspect.ControllerAspect        : ip=127.0.0.1
2020-08-11 11:01:29.028  INFO 11320 --- [main] indi.ipan.aspect.ControllerAspect        : class_method=indi.ipan.controller.FileController.renameFile
2020-08-11 11:01:29.028  INFO 11320 --- [main] indi.ipan.aspect.ControllerAspect        : args=[1234, 7, 8]
2020-08-11 11:01:29.669  INFO 11320 --- [main] com.alibaba.druid.pool.DruidDataSource   : {dataSource-1} inited
2020-08-11 11:01:29.681  INFO 11320 --- [main] indi.ipan.aspect.ControllerAspect        : Operation fail
2020-08-11 11:01:29.703  INFO 11320 --- [SpringContextShutdownHook] o.s.s.concurrent.ThreadPoolTaskExecutor  : Shutting down ExecutorService 'applicationTaskExecutor'
2020-08-11 11:01:29.705  INFO 11320 --- [SpringContextShutdownHook] com.alibaba.druid.pool.DruidDataSource   : {dataSource-1} closing ...
2020-08-11 11:01:29.713  INFO 11320 --- [SpringContextShutdownHook] com.alibaba.druid.pool.DruidDataSource   : {dataSource-1} closed
2020-08-11 11:02:15.855  INFO 11932 --- [main] indi.ipan.IPanApplication                : Starting IPanApplication on DESKTOP-NP2DBR7 with PID 11932 (C:\Users\Administrator\eclipse-workspace\iPan\target\classes started by Administrator in C:\Users\Administrator\eclipse-workspace\iPan)
2020-08-11 11:02:15.857  INFO 11932 --- [main] indi.ipan.IPanApplication                : No active profile set, falling back to default profiles: default
2020-08-11 11:02:16.695  WARN 11932 --- [main] o.m.s.mapper.ClassPathMapperScanner      : Skipping MapperFactoryBean with name 'fileDao' and 'indi.ipan.dao.FileDao' mapperInterface. Bean already defined with the same name!
2020-08-11 11:02:16.696  WARN 11932 --- [main] o.m.s.mapper.ClassPathMapperScanner      : Skipping MapperFactoryBean with name 'logDao' and 'indi.ipan.dao.LogDao' mapperInterface. Bean already defined with the same name!
2020-08-11 11:02:16.696  WARN 11932 --- [main] o.m.s.mapper.ClassPathMapperScanner      : Skipping MapperFactoryBean with name 'userDao' and 'indi.ipan.dao.UserDao' mapperInterface. Bean already defined with the same name!
2020-08-11 11:02:16.696  WARN 11932 --- [main] o.m.s.mapper.ClassPathMapperScanner      : No MyBatis mapper was found in '[indi.ipan.dao]' package. Please check your configuration.
2020-08-11 11:02:16.698  WARN 11932 --- [main] o.m.s.mapper.ClassPathMapperScanner      : Skipping MapperFactoryBean with name 'fileDao' and 'indi.ipan.dao.FileDao' mapperInterface. Bean already defined with the same name!
2020-08-11 11:02:16.698  WARN 11932 --- [main] o.m.s.mapper.ClassPathMapperScanner      : Skipping MapperFactoryBean with name 'logDao' and 'indi.ipan.dao.LogDao' mapperInterface. Bean already defined with the same name!
2020-08-11 11:02:16.698  WARN 11932 --- [main] o.m.s.mapper.ClassPathMapperScanner      : Skipping MapperFactoryBean with name 'userDao' and 'indi.ipan.dao.UserDao' mapperInterface. Bean already defined with the same name!
2020-08-11 11:02:16.698  WARN 11932 --- [main] o.m.s.mapper.ClassPathMapperScanner      : No MyBatis mapper was found in '[indi.ipan.dao]' package. Please check your configuration.
2020-08-11 11:02:17.224  INFO 11932 --- [main] trationDelegate$BeanPostProcessorChecker : Bean 'druiDataSource' of type [com.alibaba.druid.pool.DruidDataSource] is not eligible for getting processed by all BeanPostProcessors (for example: not eligible for auto-proxying)
2020-08-11 11:02:17.318  INFO 11932 --- [main] trationDelegate$BeanPostProcessorChecker : Bean 'spring.datasource-org.springframework.boot.autoconfigure.jdbc.DataSourceProperties' of type [org.springframework.boot.autoconfigure.jdbc.DataSourceProperties] is not eligible for getting processed by all BeanPostProcessors (for example: not eligible for auto-proxying)
2020-08-11 11:02:17.326  INFO 11932 --- [main] trationDelegate$BeanPostProcessorChecker : Bean 'org.springframework.boot.autoconfigure.jdbc.DataSourceInitializerInvoker' of type [org.springframework.boot.autoconfigure.jdbc.DataSourceInitializerInvoker] is not eligible for getting processed by all BeanPostProcessors (for example: not eligible for auto-proxying)
2020-08-11 11:02:17.339  INFO 11932 --- [main] trationDelegate$BeanPostProcessorChecker : Bean 'txManager1' of type [org.springframework.jdbc.datasource.DataSourceTransactionManager] is not eligible for getting processed by all BeanPostProcessors (for example: not eligible for auto-proxying)
2020-08-11 11:02:17.344  INFO 11932 --- [main] trationDelegate$BeanPostProcessorChecker : Bean 'druidConfig' of type [indi.ipan.config.DruidConfig$$EnhancerBySpringCGLIB$$957af231] is not eligible for getting processed by all BeanPostProcessors (for example: not eligible for auto-proxying)
2020-08-11 11:02:17.765  INFO 11932 --- [main] o.s.b.w.embedded.tomcat.TomcatWebServer  : Tomcat initialized with port(s): 8080 (http)
2020-08-11 11:02:17.778  INFO 11932 --- [main] o.apache.catalina.core.StandardService   : Starting service [Tomcat]
2020-08-11 11:02:17.778  INFO 11932 --- [main] org.apache.catalina.core.StandardEngine  : Starting Servlet engine: [Apache Tomcat/9.0.36]
2020-08-11 11:02:17.779  INFO 11932 --- [main] o.a.catalina.core.AprLifecycleListener   : Loaded Apache Tomcat Native library [1.2.24] using APR version [1.7.0].
2020-08-11 11:02:17.780  INFO 11932 --- [main] o.a.catalina.core.AprLifecycleListener   : APR capabilities: IPv6 [true], sendfile [true], accept filters [false], random [true].
2020-08-11 11:02:17.780  INFO 11932 --- [main] o.a.catalina.core.AprLifecycleListener   : APR/OpenSSL configuration: useAprConnector [false], useOpenSSL [true]
2020-08-11 11:02:17.809  INFO 11932 --- [main] o.a.catalina.core.AprLifecycleListener   : OpenSSL successfully initialized [OpenSSL 1.1.1g  21 Apr 2020]
2020-08-11 11:02:17.921  INFO 11932 --- [main] o.a.c.c.C.[Tomcat].[localhost].[/]       : Initializing Spring embedded WebApplicationContext
2020-08-11 11:02:17.921  INFO 11932 --- [main] w.s.c.ServletWebServerApplicationContext : Root WebApplicationContext: initialization completed in 2024 ms
2020-08-11 11:02:19.024  INFO 11932 --- [main] o.s.s.concurrent.ThreadPoolTaskExecutor  : Initializing ExecutorService 'applicationTaskExecutor'
2020-08-11 11:02:19.402  INFO 11932 --- [main] o.s.b.a.e.web.EndpointLinksResolver      : Exposing 2 endpoint(s) beneath base path '/actuator'
2020-08-11 11:02:19.474  INFO 11932 --- [main] o.s.b.w.embedded.tomcat.TomcatWebServer  : Tomcat started on port(s): 8080 (http) with context path ''
2020-08-11 11:02:19.490  INFO 11932 --- [main] indi.ipan.IPanApplication                : Started IPanApplication in 4.021 seconds (JVM running for 4.368)
2020-08-11 11:02:26.492  INFO 11932 --- [http-nio-8080-exec-1] o.a.c.c.C.[Tomcat].[localhost].[/]       : Initializing Spring DispatcherServlet 'dispatcherServlet'
2020-08-11 11:02:26.493  INFO 11932 --- [http-nio-8080-exec-1] o.s.web.servlet.DispatcherServlet        : Initializing Servlet 'dispatcherServlet'
2020-08-11 11:02:26.504  INFO 11932 --- [http-nio-8080-exec-1] o.s.web.servlet.DispatcherServlet        : Completed initialization in 11 ms
2020-08-11 11:02:26.589  INFO 11932 --- [http-nio-8080-exec-1] indi.ipan.aspect.ControllerAspect        : sessionid={8837FF04271AC4099F85C3C7D3A8F27A
2020-08-11 11:02:26.589  INFO 11932 --- [http-nio-8080-exec-1] indi.ipan.aspect.ControllerAspect        : url=http://localhost:8080/menu/rename
2020-08-11 11:02:26.591  INFO 11932 --- [http-nio-8080-exec-1] indi.ipan.aspect.ControllerAspect        : method=POST
2020-08-11 11:02:26.591  INFO 11932 --- [http-nio-8080-exec-1] indi.ipan.aspect.ControllerAspect        : ip=0:0:0:0:0:0:0:1
2020-08-11 11:02:26.592  INFO 11932 --- [http-nio-8080-exec-1] indi.ipan.aspect.ControllerAspect        : class_method=indi.ipan.controller.FileController.renameFile
2020-08-11 11:02:26.593  INFO 11932 --- [http-nio-8080-exec-1] indi.ipan.aspect.ControllerAspect        : args=[1234, 7, 3]
2020-08-11 11:02:27.139  INFO 11932 --- [http-nio-8080-exec-1] com.alibaba.druid.pool.DruidDataSource   : {dataSource-1} inited
2020-08-11 11:02:27.153  INFO 11932 --- [http-nio-8080-exec-1] indi.ipan.aspect.ControllerAspect        : Operation fail
2020-08-11 11:02:27.157 ERROR 11932 --- [http-nio-8080-exec-1] i.ipan.exception.GlobalExceptionHandler  : Error: Unexpected error

java.lang.ArithmeticException: / by zero
	at indi.ipan.service.impl.LogSeriveImpl.addOperationLog(LogSeriveImpl.java:28) ~[classes/:na]
	at indi.ipan.service.impl.LogSeriveImpl$$FastClassBySpringCGLIB$$96e9f69d.invoke(<generated>) ~[classes/:na]
	at org.springframework.cglib.proxy.MethodProxy.invoke(MethodProxy.java:218) ~[spring-core-5.2.7.RELEASE.jar:5.2.7.RELEASE]
	at org.springframework.aop.framework.CglibAopProxy$CglibMethodInvocation.invokeJoinpoint(CglibAopProxy.java:771) ~[spring-aop-5.2.7.RELEASE.jar:5.2.7.RELEASE]
	at org.springframework.aop.framework.ReflectiveMethodInvocation.proceed(ReflectiveMethodInvocation.java:163) ~[spring-aop-5.2.7.RELEASE.jar:5.2.7.RELEASE]
	at org.springframework.aop.framework.CglibAopProxy$CglibMethodInvocation.proceed(CglibAopProxy.java:749) ~[spring-aop-5.2.7.RELEASE.jar:5.2.7.RELEASE]
	at org.springframework.transaction.interceptor.TransactionAspectSupport.invokeWithinTransaction(TransactionAspectSupport.java:367) ~[spring-tx-5.2.7.RELEASE.jar:5.2.7.RELEASE]
	at org.springframework.transaction.interceptor.TransactionInterceptor.invoke(TransactionInterceptor.java:118) ~[spring-tx-5.2.7.RELEASE.jar:5.2.7.RELEASE]
	at org.springframework.aop.framework.ReflectiveMethodInvocation.proceed(ReflectiveMethodInvocation.java:186) ~[spring-aop-5.2.7.RELEASE.jar:5.2.7.RELEASE]
	at org.springframework.aop.framework.CglibAopProxy$CglibMethodInvocation.proceed(CglibAopProxy.java:749) ~[spring-aop-5.2.7.RELEASE.jar:5.2.7.RELEASE]
	at org.springframework.aop.framework.CglibAopProxy$DynamicAdvisedInterceptor.intercept(CglibAopProxy.java:691) ~[spring-aop-5.2.7.RELEASE.jar:5.2.7.RELEASE]
	at indi.ipan.service.impl.LogSeriveImpl$$EnhancerBySpringCGLIB$$a136b852.addOperationLog(<generated>) ~[classes/:na]
	at indi.ipan.service.impl.FileSeriveImpl.renameFile(FileSeriveImpl.java:113) ~[classes/:na]
	at indi.ipan.service.impl.FileSeriveImpl$$FastClassBySpringCGLIB$$63af4ff3.invoke(<generated>) ~[classes/:na]
	at org.springframework.cglib.proxy.MethodProxy.invoke(MethodProxy.java:218) ~[spring-core-5.2.7.RELEASE.jar:5.2.7.RELEASE]
	at org.springframework.aop.framework.CglibAopProxy$DynamicAdvisedInterceptor.intercept(CglibAopProxy.java:687) ~[spring-aop-5.2.7.RELEASE.jar:5.2.7.RELEASE]
	at indi.ipan.service.impl.FileSeriveImpl$$EnhancerBySpringCGLIB$$53664a14.renameFile(<generated>) ~[classes/:na]
	at indi.ipan.controller.FileController.renameFile(FileController.java:74) ~[classes/:na]
	at indi.ipan.controller.FileController$$FastClassBySpringCGLIB$$590bb314.invoke(<generated>) ~[classes/:na]
	at org.springframework.cglib.proxy.MethodProxy.invoke(MethodProxy.java:218) ~[spring-core-5.2.7.RELEASE.jar:5.2.7.RELEASE]
	at org.springframework.aop.framework.CglibAopProxy$CglibMethodInvocation.invokeJoinpoint(CglibAopProxy.java:771) ~[spring-aop-5.2.7.RELEASE.jar:5.2.7.RELEASE]
	at org.springframework.aop.framework.ReflectiveMethodInvocation.proceed(ReflectiveMethodInvocation.java:163) ~[spring-aop-5.2.7.RELEASE.jar:5.2.7.RELEASE]
	at org.springframework.aop.framework.CglibAopProxy$CglibMethodInvocation.proceed(CglibAopProxy.java:749) ~[spring-aop-5.2.7.RELEASE.jar:5.2.7.RELEASE]
	at org.springframework.aop.aspectj.AspectJAfterThrowingAdvice.invoke(AspectJAfterThrowingAdvice.java:62) ~[spring-aop-5.2.7.RELEASE.jar:5.2.7.RELEASE]
	at org.springframework.aop.framework.ReflectiveMethodInvocation.proceed(ReflectiveMethodInvocation.java:186) ~[spring-aop-5.2.7.RELEASE.jar:5.2.7.RELEASE]
	at org.springframework.aop.framework.CglibAopProxy$CglibMethodInvocation.proceed(CglibAopProxy.java:749) ~[spring-aop-5.2.7.RELEASE.jar:5.2.7.RELEASE]
	at org.springframework.aop.framework.adapter.AfterReturningAdviceInterceptor.invoke(AfterReturningAdviceInterceptor.java:55) ~[spring-aop-5.2.7.RELEASE.jar:5.2.7.RELEASE]
	at org.springframework.aop.framework.ReflectiveMethodInvocation.proceed(ReflectiveMethodInvocation.java:186) ~[spring-aop-5.2.7.RELEASE.jar:5.2.7.RELEASE]
	at org.springframework.aop.framework.CglibAopProxy$CglibMethodInvocation.proceed(CglibAopProxy.java:749) ~[spring-aop-5.2.7.RELEASE.jar:5.2.7.RELEASE]
	at org.springframework.aop.framework.adapter.MethodBeforeAdviceInterceptor.invoke(MethodBeforeAdviceInterceptor.java:56) ~[spring-aop-5.2.7.RELEASE.jar:5.2.7.RELEASE]
	at org.springframework.aop.framework.ReflectiveMethodInvocation.proceed(ReflectiveMethodInvocation.java:186) ~[spring-aop-5.2.7.RELEASE.jar:5.2.7.RELEASE]
	at org.springframework.aop.framework.CglibAopProxy$CglibMethodInvocation.proceed(CglibAopProxy.java:749) ~[spring-aop-5.2.7.RELEASE.jar:5.2.7.RELEASE]
	at org.springframework.aop.interceptor.ExposeInvocationInterceptor.invoke(ExposeInvocationInterceptor.java:95) ~[spring-aop-5.2.7.RELEASE.jar:5.2.7.RELEASE]
	at org.springframework.aop.framework.ReflectiveMethodInvocation.proceed(ReflectiveMethodInvocation.java:186) ~[spring-aop-5.2.7.RELEASE.jar:5.2.7.RELEASE]
	at org.springframework.aop.framework.CglibAopProxy$CglibMethodInvocation.proceed(CglibAopProxy.java:749) ~[spring-aop-5.2.7.RELEASE.jar:5.2.7.RELEASE]
	at org.springframework.aop.framework.CglibAopProxy$DynamicAdvisedInterceptor.intercept(CglibAopProxy.java:691) ~[spring-aop-5.2.7.RELEASE.jar:5.2.7.RELEASE]
	at indi.ipan.controller.FileController$$EnhancerBySpringCGLIB$$81650774.renameFile(<generated>) ~[classes/:na]
	at sun.reflect.NativeMethodAccessorImpl.invoke0(Native Method) ~[na:1.8.0_211]
	at sun.reflect.NativeMethodAccessorImpl.invoke(NativeMethodAccessorImpl.java:62) ~[na:1.8.0_211]
	at sun.reflect.DelegatingMethodAccessorImpl.invoke(DelegatingMethodAccessorImpl.java:43) ~[na:1.8.0_211]
	at java.lang.reflect.Method.invoke(Method.java:498) ~[na:1.8.0_211]
	at org.springframework.web.method.support.InvocableHandlerMethod.doInvoke(InvocableHandlerMethod.java:190) ~[spring-web-5.2.7.RELEASE.jar:5.2.7.RELEASE]
	at org.springframework.web.method.support.InvocableHandlerMethod.invokeForRequest(InvocableHandlerMethod.java:138) ~[spring-web-5.2.7.RELEASE.jar:5.2.7.RELEASE]
	at org.springframework.web.servlet.mvc.method.annotation.ServletInvocableHandlerMethod.invokeAndHandle(ServletInvocableHandlerMethod.java:105) ~[spring-webmvc-5.2.7.RELEASE.jar:5.2.7.RELEASE]
	at org.springframework.web.servlet.mvc.method.annotation.RequestMappingHandlerAdapter.invokeHandlerMethod(RequestMappingHandlerAdapter.java:879) ~[spring-webmvc-5.2.7.RELEASE.jar:5.2.7.RELEASE]
	at org.springframework.web.servlet.mvc.method.annotation.RequestMappingHandlerAdapter.handleInternal(RequestMappingHandlerAdapter.java:793) ~[spring-webmvc-5.2.7.RELEASE.jar:5.2.7.RELEASE]
	at org.springframework.web.servlet.mvc.method.AbstractHandlerMethodAdapter.handle(AbstractHandlerMethodAdapter.java:87) ~[spring-webmvc-5.2.7.RELEASE.jar:5.2.7.RELEASE]
	at org.springframework.web.servlet.DispatcherServlet.doDispatch(DispatcherServlet.java:1040) ~[spring-webmvc-5.2.7.RELEASE.jar:5.2.7.RELEASE]
	at org.springframework.web.servlet.DispatcherServlet.doService(DispatcherServlet.java:943) ~[spring-webmvc-5.2.7.RELEASE.jar:5.2.7.RELEASE]
	at org.springframework.web.servlet.FrameworkServlet.processRequest(FrameworkServlet.java:1006) [spring-webmvc-5.2.7.RELEASE.jar:5.2.7.RELEASE]
	at org.springframework.web.servlet.FrameworkServlet.doPost(FrameworkServlet.java:909) [spring-webmvc-5.2.7.RELEASE.jar:5.2.7.RELEASE]
	at javax.servlet.http.HttpServlet.service(HttpServlet.java:660) [tomcat-embed-core-9.0.36.jar:9.0.36]
	at org.springframework.web.servlet.FrameworkServlet.service(FrameworkServlet.java:883) [spring-webmvc-5.2.7.RELEASE.jar:5.2.7.RELEASE]
	at javax.servlet.http.HttpServlet.service(HttpServlet.java:741) [tomcat-embed-core-9.0.36.jar:9.0.36]
	at org.apache.catalina.core.ApplicationFilterChain.internalDoFilter(ApplicationFilterChain.java:231) [tomcat-embed-core-9.0.36.jar:9.0.36]
	at org.apache.catalina.core.ApplicationFilterChain.doFilter(ApplicationFilterChain.java:166) [tomcat-embed-core-9.0.36.jar:9.0.36]
	at org.apache.tomcat.websocket.server.WsFilter.doFilter(WsFilter.java:53) [tomcat-embed-websocket-9.0.36.jar:9.0.36]
	at org.apache.catalina.core.ApplicationFilterChain.internalDoFilter(ApplicationFilterChain.java:193) [tomcat-embed-core-9.0.36.jar:9.0.36]
	at org.apache.catalina.core.ApplicationFilterChain.doFilter(ApplicationFilterChain.java:166) [tomcat-embed-core-9.0.36.jar:9.0.36]
	at org.springframework.web.filter.RequestContextFilter.doFilterInternal(RequestContextFilter.java:100) [spring-web-5.2.7.RELEASE.jar:5.2.7.RELEASE]
	at org.springframework.web.filter.OncePerRequestFilter.doFilter(OncePerRequestFilter.java:119) [spring-web-5.2.7.RELEASE.jar:5.2.7.RELEASE]
	at org.apache.catalina.core.ApplicationFilterChain.internalDoFilter(ApplicationFilterChain.java:193) [tomcat-embed-core-9.0.36.jar:9.0.36]
	at org.apache.catalina.core.ApplicationFilterChain.doFilter(ApplicationFilterChain.java:166) [tomcat-embed-core-9.0.36.jar:9.0.36]
	at org.springframework.web.filter.FormContentFilter.doFilterInternal(FormContentFilter.java:93) [spring-web-5.2.7.RELEASE.jar:5.2.7.RELEASE]
	at org.springframework.web.filter.OncePerRequestFilter.doFilter(OncePerRequestFilter.java:119) [spring-web-5.2.7.RELEASE.jar:5.2.7.RELEASE]
	at org.apache.catalina.core.ApplicationFilterChain.internalDoFilter(ApplicationFilterChain.java:193) [tomcat-embed-core-9.0.36.jar:9.0.36]
	at org.apache.catalina.core.ApplicationFilterChain.doFilter(ApplicationFilterChain.java:166) [tomcat-embed-core-9.0.36.jar:9.0.36]
	at org.springframework.boot.actuate.metrics.web.servlet.WebMvcMetricsFilter.doFilterInternal(WebMvcMetricsFilter.java:93) [spring-boot-actuator-2.3.1.RELEASE.jar:2.3.1.RELEASE]
	at org.springframework.web.filter.OncePerRequestFilter.doFilter(OncePerRequestFilter.java:119) [spring-web-5.2.7.RELEASE.jar:5.2.7.RELEASE]
	at org.apache.catalina.core.ApplicationFilterChain.internalDoFilter(ApplicationFilterChain.java:193) [tomcat-embed-core-9.0.36.jar:9.0.36]
	at org.apache.catalina.core.ApplicationFilterChain.doFilter(ApplicationFilterChain.java:166) [tomcat-embed-core-9.0.36.jar:9.0.36]
	at org.springframework.web.filter.CharacterEncodingFilter.doFilterInternal(CharacterEncodingFilter.java:201) [spring-web-5.2.7.RELEASE.jar:5.2.7.RELEASE]
	at org.springframework.web.filter.OncePerRequestFilter.doFilter(OncePerRequestFilter.java:119) [spring-web-5.2.7.RELEASE.jar:5.2.7.RELEASE]
	at org.apache.catalina.core.ApplicationFilterChain.internalDoFilter(ApplicationFilterChain.java:193) [tomcat-embed-core-9.0.36.jar:9.0.36]
	at org.apache.catalina.core.ApplicationFilterChain.doFilter(ApplicationFilterChain.java:166) [tomcat-embed-core-9.0.36.jar:9.0.36]
	at org.apache.catalina.core.StandardWrapperValve.invoke(StandardWrapperValve.java:202) [tomcat-embed-core-9.0.36.jar:9.0.36]
	at org.apache.catalina.core.StandardContextValve.invoke(StandardContextValve.java:96) [tomcat-embed-core-9.0.36.jar:9.0.36]
	at org.apache.catalina.authenticator.AuthenticatorBase.invoke(AuthenticatorBase.java:541) [tomcat-embed-core-9.0.36.jar:9.0.36]
	at org.apache.catalina.core.StandardHostValve.invoke(StandardHostValve.java:139) [tomcat-embed-core-9.0.36.jar:9.0.36]
	at org.apache.catalina.valves.ErrorReportValve.invoke(ErrorReportValve.java:92) [tomcat-embed-core-9.0.36.jar:9.0.36]
	at org.apache.catalina.core.StandardEngineValve.invoke(StandardEngineValve.java:74) [tomcat-embed-core-9.0.36.jar:9.0.36]
	at org.apache.catalina.connector.CoyoteAdapter.service(CoyoteAdapter.java:343) [tomcat-embed-core-9.0.36.jar:9.0.36]
	at org.apache.coyote.http11.Http11Processor.service(Http11Processor.java:373) [tomcat-embed-core-9.0.36.jar:9.0.36]
	at org.apache.coyote.AbstractProcessorLight.process(AbstractProcessorLight.java:65) [tomcat-embed-core-9.0.36.jar:9.0.36]
	at org.apache.coyote.AbstractProtocol$ConnectionHandler.process(AbstractProtocol.java:868) [tomcat-embed-core-9.0.36.jar:9.0.36]
	at org.apache.tomcat.util.net.NioEndpoint$SocketProcessor.doRun(NioEndpoint.java:1590) [tomcat-embed-core-9.0.36.jar:9.0.36]
	at org.apache.tomcat.util.net.SocketProcessorBase.run(SocketProcessorBase.java:49) [tomcat-embed-core-9.0.36.jar:9.0.36]
	at java.util.concurrent.ThreadPoolExecutor.runWorker(ThreadPoolExecutor.java:1149) [na:1.8.0_211]
	at java.util.concurrent.ThreadPoolExecutor$Worker.run(ThreadPoolExecutor.java:624) [na:1.8.0_211]
	at org.apache.tomcat.util.threads.TaskThread$WrappingRunnable.run(TaskThread.java:61) [tomcat-embed-core-9.0.36.jar:9.0.36]
	at java.lang.Thread.run(Thread.java:748) [na:1.8.0_211]

2020-08-11 11:03:06.505  INFO 6436 --- [main] indi.ipan.IPanApplication                : Starting IPanApplication on DESKTOP-NP2DBR7 with PID 6436 (C:\Users\Administrator\eclipse-workspace\iPan\target\classes started by Administrator in C:\Users\Administrator\eclipse-workspace\iPan)
2020-08-11 11:03:06.507  INFO 6436 --- [main] indi.ipan.IPanApplication                : No active profile set, falling back to default profiles: default
2020-08-11 11:03:07.370  WARN 6436 --- [main] o.m.s.mapper.ClassPathMapperScanner      : Skipping MapperFactoryBean with name 'fileDao' and 'indi.ipan.dao.FileDao' mapperInterface. Bean already defined with the same name!
2020-08-11 11:03:07.370  WARN 6436 --- [main] o.m.s.mapper.ClassPathMapperScanner      : Skipping MapperFactoryBean with name 'logDao' and 'indi.ipan.dao.LogDao' mapperInterface. Bean already defined with the same name!
2020-08-11 11:03:07.370  WARN 6436 --- [main] o.m.s.mapper.ClassPathMapperScanner      : Skipping MapperFactoryBean with name 'userDao' and 'indi.ipan.dao.UserDao' mapperInterface. Bean already defined with the same name!
2020-08-11 11:03:07.371  WARN 6436 --- [main] o.m.s.mapper.ClassPathMapperScanner      : No MyBatis mapper was found in '[indi.ipan.dao]' package. Please check your configuration.
2020-08-11 11:03:07.374  WARN 6436 --- [main] o.m.s.mapper.ClassPathMapperScanner      : Skipping MapperFactoryBean with name 'fileDao' and 'indi.ipan.dao.FileDao' mapperInterface. Bean already defined with the same name!
2020-08-11 11:03:07.374  WARN 6436 --- [main] o.m.s.mapper.ClassPathMapperScanner      : Skipping MapperFactoryBean with name 'logDao' and 'indi.ipan.dao.LogDao' mapperInterface. Bean already defined with the same name!
2020-08-11 11:03:07.374  WARN 6436 --- [main] o.m.s.mapper.ClassPathMapperScanner      : Skipping MapperFactoryBean with name 'userDao' and 'indi.ipan.dao.UserDao' mapperInterface. Bean already defined with the same name!
2020-08-11 11:03:07.374  WARN 6436 --- [main] o.m.s.mapper.ClassPathMapperScanner      : No MyBatis mapper was found in '[indi.ipan.dao]' package. Please check your configuration.
2020-08-11 11:03:07.873  INFO 6436 --- [main] trationDelegate$BeanPostProcessorChecker : Bean 'druiDataSource' of type [com.alibaba.druid.pool.DruidDataSource] is not eligible for getting processed by all BeanPostProcessors (for example: not eligible for auto-proxying)
2020-08-11 11:03:07.965  INFO 6436 --- [main] trationDelegate$BeanPostProcessorChecker : Bean 'spring.datasource-org.springframework.boot.autoconfigure.jdbc.DataSourceProperties' of type [org.springframework.boot.autoconfigure.jdbc.DataSourceProperties] is not eligible for getting processed by all BeanPostProcessors (for example: not eligible for auto-proxying)
2020-08-11 11:03:07.974  INFO 6436 --- [main] trationDelegate$BeanPostProcessorChecker : Bean 'org.springframework.boot.autoconfigure.jdbc.DataSourceInitializerInvoker' of type [org.springframework.boot.autoconfigure.jdbc.DataSourceInitializerInvoker] is not eligible for getting processed by all BeanPostProcessors (for example: not eligible for auto-proxying)
2020-08-11 11:03:07.985  INFO 6436 --- [main] trationDelegate$BeanPostProcessorChecker : Bean 'txManager1' of type [org.springframework.jdbc.datasource.DataSourceTransactionManager] is not eligible for getting processed by all BeanPostProcessors (for example: not eligible for auto-proxying)
2020-08-11 11:03:07.990  INFO 6436 --- [main] trationDelegate$BeanPostProcessorChecker : Bean 'druidConfig' of type [indi.ipan.config.DruidConfig$$EnhancerBySpringCGLIB$$f4cb26dc] is not eligible for getting processed by all BeanPostProcessors (for example: not eligible for auto-proxying)
2020-08-11 11:03:08.406  INFO 6436 --- [main] o.s.b.w.embedded.tomcat.TomcatWebServer  : Tomcat initialized with port(s): 8080 (http)
2020-08-11 11:03:08.418  INFO 6436 --- [main] o.apache.catalina.core.StandardService   : Starting service [Tomcat]
2020-08-11 11:03:08.418  INFO 6436 --- [main] org.apache.catalina.core.StandardEngine  : Starting Servlet engine: [Apache Tomcat/9.0.36]
2020-08-11 11:03:08.419  INFO 6436 --- [main] o.a.catalina.core.AprLifecycleListener   : Loaded Apache Tomcat Native library [1.2.24] using APR version [1.7.0].
2020-08-11 11:03:08.419  INFO 6436 --- [main] o.a.catalina.core.AprLifecycleListener   : APR capabilities: IPv6 [true], sendfile [true], accept filters [false], random [true].
2020-08-11 11:03:08.420  INFO 6436 --- [main] o.a.catalina.core.AprLifecycleListener   : APR/OpenSSL configuration: useAprConnector [false], useOpenSSL [true]
2020-08-11 11:03:08.423  INFO 6436 --- [main] o.a.catalina.core.AprLifecycleListener   : OpenSSL successfully initialized [OpenSSL 1.1.1g  21 Apr 2020]
2020-08-11 11:03:08.524  INFO 6436 --- [main] o.a.c.c.C.[Tomcat].[localhost].[/]       : Initializing Spring embedded WebApplicationContext
2020-08-11 11:03:08.524  INFO 6436 --- [main] w.s.c.ServletWebServerApplicationContext : Root WebApplicationContext: initialization completed in 1970 ms
2020-08-11 11:03:09.663  INFO 6436 --- [main] o.s.s.concurrent.ThreadPoolTaskExecutor  : Initializing ExecutorService 'applicationTaskExecutor'
2020-08-11 11:03:10.055  INFO 6436 --- [main] o.s.b.a.e.web.EndpointLinksResolver      : Exposing 2 endpoint(s) beneath base path '/actuator'
2020-08-11 11:03:10.109  INFO 6436 --- [main] o.s.b.w.embedded.tomcat.TomcatWebServer  : Tomcat started on port(s): 8080 (http) with context path ''
2020-08-11 11:03:10.123  INFO 6436 --- [main] indi.ipan.IPanApplication                : Started IPanApplication in 4.001 seconds (JVM running for 4.347)
2020-08-11 11:03:16.852  INFO 6436 --- [http-nio-8080-exec-1] o.a.c.c.C.[Tomcat].[localhost].[/]       : Initializing Spring DispatcherServlet 'dispatcherServlet'
2020-08-11 11:03:16.853  INFO 6436 --- [http-nio-8080-exec-1] o.s.web.servlet.DispatcherServlet        : Initializing Servlet 'dispatcherServlet'
2020-08-11 11:03:16.862  INFO 6436 --- [http-nio-8080-exec-1] o.s.web.servlet.DispatcherServlet        : Completed initialization in 9 ms
2020-08-11 11:03:16.930  INFO 6436 --- [http-nio-8080-exec-1] indi.ipan.aspect.ControllerAspect        : sessionid={BEE8A78EC659E1EB06627113214DE77D
2020-08-11 11:03:16.932  INFO 6436 --- [http-nio-8080-exec-1] indi.ipan.aspect.ControllerAspect        : url=http://localhost:8080/menu/rename
2020-08-11 11:03:16.934  INFO 6436 --- [http-nio-8080-exec-1] indi.ipan.aspect.ControllerAspect        : method=POST
2020-08-11 11:03:16.934  INFO 6436 --- [http-nio-8080-exec-1] indi.ipan.aspect.ControllerAspect        : ip=0:0:0:0:0:0:0:1
2020-08-11 11:03:16.936  INFO 6436 --- [http-nio-8080-exec-1] indi.ipan.aspect.ControllerAspect        : class_method=indi.ipan.controller.FileController.renameFile
2020-08-11 11:03:16.936  INFO 6436 --- [http-nio-8080-exec-1] indi.ipan.aspect.ControllerAspect        : args=[1234, 7, 3]
2020-08-11 11:03:17.503  INFO 6436 --- [http-nio-8080-exec-1] com.alibaba.druid.pool.DruidDataSource   : {dataSource-1} inited
2020-08-11 11:03:17.566 DEBUG 6436 --- [http-nio-8080-exec-1] indi.ipan.mapper.LogMapperTest.insert    : ==>  Preparing: INSERT INTO user_operation_log ( username, operation, count ) VALUES ( ?, ?, ? ) 
2020-08-11 11:03:17.732 DEBUG 6436 --- [http-nio-8080-exec-1] indi.ipan.mapper.LogMapperTest.insert    : ==> Parameters: 1234(String), renameFile(String), 1(Integer)
2020-08-11 11:03:17.736 DEBUG 6436 --- [http-nio-8080-exec-1] indi.ipan.mapper.LogMapperTest.insert    : <==    Updates: 1
2020-08-11 11:03:17.784 DEBUG 6436 --- [http-nio-8080-exec-1] i.i.mapper.FileMapperTest.selectCount    : ==>  Preparing: SELECT COUNT( 1 ) FROM file WHERE file_name=? AND username=? 
2020-08-11 11:03:17.826 DEBUG 6436 --- [http-nio-8080-exec-1] i.i.mapper.FileMapperTest.selectCount    : ==> Parameters: 7(String), 1234(String)
2020-08-11 11:03:17.838 DEBUG 6436 --- [http-nio-8080-exec-1] i.i.mapper.FileMapperTest.selectCount    : <==      Total: 1
2020-08-11 11:03:17.842 DEBUG 6436 --- [http-nio-8080-exec-1] i.i.mapper.FileMapperTest.selectCount    : ==>  Preparing: SELECT COUNT( 1 ) FROM file WHERE file_name=? AND username=? 
2020-08-11 11:03:17.843 DEBUG 6436 --- [http-nio-8080-exec-1] i.i.mapper.FileMapperTest.selectCount    : ==> Parameters: 3(String), 1234(String)
2020-08-11 11:03:17.846 DEBUG 6436 --- [http-nio-8080-exec-1] i.i.mapper.FileMapperTest.selectCount    : <==      Total: 1
2020-08-11 11:03:17.850 DEBUG 6436 --- [http-nio-8080-exec-1] indi.ipan.mapper.FileMapperTest.update   : ==>  Preparing: UPDATE file SET file_name=?, username=? WHERE file_name=? AND username=? 
2020-08-11 11:03:17.853 DEBUG 6436 --- [http-nio-8080-exec-1] indi.ipan.mapper.FileMapperTest.update   : ==> Parameters: 3(String), 1234(String), 7(String), 1234(String)
2020-08-11 11:03:17.855 DEBUG 6436 --- [http-nio-8080-exec-1] indi.ipan.mapper.FileMapperTest.update   : <==    Updates: 1
2020-08-11 11:03:17.863  INFO 6436 --- [http-nio-8080-exec-1] indi.ipan.aspect.ControllerAspect        : Operation fail
2020-08-11 11:03:17.867 ERROR 6436 --- [http-nio-8080-exec-1] i.ipan.exception.GlobalExceptionHandler  : Error: Unexpected error

java.lang.ArithmeticException: / by zero
	at indi.ipan.service.impl.LogSeriveImpl.addOperationResult(LogSeriveImpl.java:34) ~[classes/:na]
	at indi.ipan.service.impl.LogSeriveImpl$$FastClassBySpringCGLIB$$96e9f69d.invoke(<generated>) ~[classes/:na]
	at org.springframework.cglib.proxy.MethodProxy.invoke(MethodProxy.java:218) ~[spring-core-5.2.7.RELEASE.jar:5.2.7.RELEASE]
	at org.springframework.aop.framework.CglibAopProxy$CglibMethodInvocation.invokeJoinpoint(CglibAopProxy.java:771) ~[spring-aop-5.2.7.RELEASE.jar:5.2.7.RELEASE]
	at org.springframework.aop.framework.ReflectiveMethodInvocation.proceed(ReflectiveMethodInvocation.java:163) ~[spring-aop-5.2.7.RELEASE.jar:5.2.7.RELEASE]
	at org.springframework.aop.framework.CglibAopProxy$CglibMethodInvocation.proceed(CglibAopProxy.java:749) ~[spring-aop-5.2.7.RELEASE.jar:5.2.7.RELEASE]
	at org.springframework.transaction.interceptor.TransactionAspectSupport.invokeWithinTransaction(TransactionAspectSupport.java:367) ~[spring-tx-5.2.7.RELEASE.jar:5.2.7.RELEASE]
	at org.springframework.transaction.interceptor.TransactionInterceptor.invoke(TransactionInterceptor.java:118) ~[spring-tx-5.2.7.RELEASE.jar:5.2.7.RELEASE]
	at org.springframework.aop.framework.ReflectiveMethodInvocation.proceed(ReflectiveMethodInvocation.java:186) ~[spring-aop-5.2.7.RELEASE.jar:5.2.7.RELEASE]
	at org.springframework.aop.framework.CglibAopProxy$CglibMethodInvocation.proceed(CglibAopProxy.java:749) ~[spring-aop-5.2.7.RELEASE.jar:5.2.7.RELEASE]
	at org.springframework.aop.framework.CglibAopProxy$DynamicAdvisedInterceptor.intercept(CglibAopProxy.java:691) ~[spring-aop-5.2.7.RELEASE.jar:5.2.7.RELEASE]
	at indi.ipan.service.impl.LogSeriveImpl$$EnhancerBySpringCGLIB$$7cb8f833.addOperationResult(<generated>) ~[classes/:na]
	at indi.ipan.service.impl.FileSeriveImpl.renameFile(FileSeriveImpl.java:150) ~[classes/:na]
	at indi.ipan.service.impl.FileSeriveImpl$$FastClassBySpringCGLIB$$63af4ff3.invoke(<generated>) ~[classes/:na]
	at org.springframework.cglib.proxy.MethodProxy.invoke(MethodProxy.java:218) ~[spring-core-5.2.7.RELEASE.jar:5.2.7.RELEASE]
	at org.springframework.aop.framework.CglibAopProxy$DynamicAdvisedInterceptor.intercept(CglibAopProxy.java:687) ~[spring-aop-5.2.7.RELEASE.jar:5.2.7.RELEASE]
	at indi.ipan.service.impl.FileSeriveImpl$$EnhancerBySpringCGLIB$$2ee889f5.renameFile(<generated>) ~[classes/:na]
	at indi.ipan.controller.FileController.renameFile(FileController.java:74) ~[classes/:na]
	at indi.ipan.controller.FileController$$FastClassBySpringCGLIB$$590bb314.invoke(<generated>) ~[classes/:na]
	at org.springframework.cglib.proxy.MethodProxy.invoke(MethodProxy.java:218) ~[spring-core-5.2.7.RELEASE.jar:5.2.7.RELEASE]
	at org.springframework.aop.framework.CglibAopProxy$CglibMethodInvocation.invokeJoinpoint(CglibAopProxy.java:771) ~[spring-aop-5.2.7.RELEASE.jar:5.2.7.RELEASE]
	at org.springframework.aop.framework.ReflectiveMethodInvocation.proceed(ReflectiveMethodInvocation.java:163) ~[spring-aop-5.2.7.RELEASE.jar:5.2.7.RELEASE]
	at org.springframework.aop.framework.CglibAopProxy$CglibMethodInvocation.proceed(CglibAopProxy.java:749) ~[spring-aop-5.2.7.RELEASE.jar:5.2.7.RELEASE]
	at org.springframework.aop.aspectj.AspectJAfterThrowingAdvice.invoke(AspectJAfterThrowingAdvice.java:62) ~[spring-aop-5.2.7.RELEASE.jar:5.2.7.RELEASE]
	at org.springframework.aop.framework.ReflectiveMethodInvocation.proceed(ReflectiveMethodInvocation.java:186) ~[spring-aop-5.2.7.RELEASE.jar:5.2.7.RELEASE]
	at org.springframework.aop.framework.CglibAopProxy$CglibMethodInvocation.proceed(CglibAopProxy.java:749) ~[spring-aop-5.2.7.RELEASE.jar:5.2.7.RELEASE]
	at org.springframework.aop.framework.adapter.AfterReturningAdviceInterceptor.invoke(AfterReturningAdviceInterceptor.java:55) ~[spring-aop-5.2.7.RELEASE.jar:5.2.7.RELEASE]
	at org.springframework.aop.framework.ReflectiveMethodInvocation.proceed(ReflectiveMethodInvocation.java:186) ~[spring-aop-5.2.7.RELEASE.jar:5.2.7.RELEASE]
	at org.springframework.aop.framework.CglibAopProxy$CglibMethodInvocation.proceed(CglibAopProxy.java:749) ~[spring-aop-5.2.7.RELEASE.jar:5.2.7.RELEASE]
	at org.springframework.aop.framework.adapter.MethodBeforeAdviceInterceptor.invoke(MethodBeforeAdviceInterceptor.java:56) ~[spring-aop-5.2.7.RELEASE.jar:5.2.7.RELEASE]
	at org.springframework.aop.framework.ReflectiveMethodInvocation.proceed(ReflectiveMethodInvocation.java:186) ~[spring-aop-5.2.7.RELEASE.jar:5.2.7.RELEASE]
	at org.springframework.aop.framework.CglibAopProxy$CglibMethodInvocation.proceed(CglibAopProxy.java:749) ~[spring-aop-5.2.7.RELEASE.jar:5.2.7.RELEASE]
	at org.springframework.aop.interceptor.ExposeInvocationInterceptor.invoke(ExposeInvocationInterceptor.java:95) ~[spring-aop-5.2.7.RELEASE.jar:5.2.7.RELEASE]
	at org.springframework.aop.framework.ReflectiveMethodInvocation.proceed(ReflectiveMethodInvocation.java:186) ~[spring-aop-5.2.7.RELEASE.jar:5.2.7.RELEASE]
	at org.springframework.aop.framework.CglibAopProxy$CglibMethodInvocation.proceed(CglibAopProxy.java:749) ~[spring-aop-5.2.7.RELEASE.jar:5.2.7.RELEASE]
	at org.springframework.aop.framework.CglibAopProxy$DynamicAdvisedInterceptor.intercept(CglibAopProxy.java:691) ~[spring-aop-5.2.7.RELEASE.jar:5.2.7.RELEASE]
	at indi.ipan.controller.FileController$$EnhancerBySpringCGLIB$$e45602d3.renameFile(<generated>) ~[classes/:na]
	at sun.reflect.NativeMethodAccessorImpl.invoke0(Native Method) ~[na:1.8.0_211]
	at sun.reflect.NativeMethodAccessorImpl.invoke(NativeMethodAccessorImpl.java:62) ~[na:1.8.0_211]
	at sun.reflect.DelegatingMethodAccessorImpl.invoke(DelegatingMethodAccessorImpl.java:43) ~[na:1.8.0_211]
	at java.lang.reflect.Method.invoke(Method.java:498) ~[na:1.8.0_211]
	at org.springframework.web.method.support.InvocableHandlerMethod.doInvoke(InvocableHandlerMethod.java:190) ~[spring-web-5.2.7.RELEASE.jar:5.2.7.RELEASE]
	at org.springframework.web.method.support.InvocableHandlerMethod.invokeForRequest(InvocableHandlerMethod.java:138) ~[spring-web-5.2.7.RELEASE.jar:5.2.7.RELEASE]
	at org.springframework.web.servlet.mvc.method.annotation.ServletInvocableHandlerMethod.invokeAndHandle(ServletInvocableHandlerMethod.java:105) ~[spring-webmvc-5.2.7.RELEASE.jar:5.2.7.RELEASE]
	at org.springframework.web.servlet.mvc.method.annotation.RequestMappingHandlerAdapter.invokeHandlerMethod(RequestMappingHandlerAdapter.java:879) ~[spring-webmvc-5.2.7.RELEASE.jar:5.2.7.RELEASE]
	at org.springframework.web.servlet.mvc.method.annotation.RequestMappingHandlerAdapter.handleInternal(RequestMappingHandlerAdapter.java:793) ~[spring-webmvc-5.2.7.RELEASE.jar:5.2.7.RELEASE]
	at org.springframework.web.servlet.mvc.method.AbstractHandlerMethodAdapter.handle(AbstractHandlerMethodAdapter.java:87) ~[spring-webmvc-5.2.7.RELEASE.jar:5.2.7.RELEASE]
	at org.springframework.web.servlet.DispatcherServlet.doDispatch(DispatcherServlet.java:1040) ~[spring-webmvc-5.2.7.RELEASE.jar:5.2.7.RELEASE]
	at org.springframework.web.servlet.DispatcherServlet.doService(DispatcherServlet.java:943) ~[spring-webmvc-5.2.7.RELEASE.jar:5.2.7.RELEASE]
	at org.springframework.web.servlet.FrameworkServlet.processRequest(FrameworkServlet.java:1006) [spring-webmvc-5.2.7.RELEASE.jar:5.2.7.RELEASE]
	at org.springframework.web.servlet.FrameworkServlet.doPost(FrameworkServlet.java:909) [spring-webmvc-5.2.7.RELEASE.jar:5.2.7.RELEASE]
	at javax.servlet.http.HttpServlet.service(HttpServlet.java:660) [tomcat-embed-core-9.0.36.jar:9.0.36]
	at org.springframework.web.servlet.FrameworkServlet.service(FrameworkServlet.java:883) [spring-webmvc-5.2.7.RELEASE.jar:5.2.7.RELEASE]
	at javax.servlet.http.HttpServlet.service(HttpServlet.java:741) [tomcat-embed-core-9.0.36.jar:9.0.36]
	at org.apache.catalina.core.ApplicationFilterChain.internalDoFilter(ApplicationFilterChain.java:231) [tomcat-embed-core-9.0.36.jar:9.0.36]
	at org.apache.catalina.core.ApplicationFilterChain.doFilter(ApplicationFilterChain.java:166) [tomcat-embed-core-9.0.36.jar:9.0.36]
	at org.apache.tomcat.websocket.server.WsFilter.doFilter(WsFilter.java:53) [tomcat-embed-websocket-9.0.36.jar:9.0.36]
	at org.apache.catalina.core.ApplicationFilterChain.internalDoFilter(ApplicationFilterChain.java:193) [tomcat-embed-core-9.0.36.jar:9.0.36]
	at org.apache.catalina.core.ApplicationFilterChain.doFilter(ApplicationFilterChain.java:166) [tomcat-embed-core-9.0.36.jar:9.0.36]
	at org.springframework.web.filter.RequestContextFilter.doFilterInternal(RequestContextFilter.java:100) [spring-web-5.2.7.RELEASE.jar:5.2.7.RELEASE]
	at org.springframework.web.filter.OncePerRequestFilter.doFilter(OncePerRequestFilter.java:119) [spring-web-5.2.7.RELEASE.jar:5.2.7.RELEASE]
	at org.apache.catalina.core.ApplicationFilterChain.internalDoFilter(ApplicationFilterChain.java:193) [tomcat-embed-core-9.0.36.jar:9.0.36]
	at org.apache.catalina.core.ApplicationFilterChain.doFilter(ApplicationFilterChain.java:166) [tomcat-embed-core-9.0.36.jar:9.0.36]
	at org.springframework.web.filter.FormContentFilter.doFilterInternal(FormContentFilter.java:93) [spring-web-5.2.7.RELEASE.jar:5.2.7.RELEASE]
	at org.springframework.web.filter.OncePerRequestFilter.doFilter(OncePerRequestFilter.java:119) [spring-web-5.2.7.RELEASE.jar:5.2.7.RELEASE]
	at org.apache.catalina.core.ApplicationFilterChain.internalDoFilter(ApplicationFilterChain.java:193) [tomcat-embed-core-9.0.36.jar:9.0.36]
	at org.apache.catalina.core.ApplicationFilterChain.doFilter(ApplicationFilterChain.java:166) [tomcat-embed-core-9.0.36.jar:9.0.36]
	at org.springframework.boot.actuate.metrics.web.servlet.WebMvcMetricsFilter.doFilterInternal(WebMvcMetricsFilter.java:93) [spring-boot-actuator-2.3.1.RELEASE.jar:2.3.1.RELEASE]
	at org.springframework.web.filter.OncePerRequestFilter.doFilter(OncePerRequestFilter.java:119) [spring-web-5.2.7.RELEASE.jar:5.2.7.RELEASE]
	at org.apache.catalina.core.ApplicationFilterChain.internalDoFilter(ApplicationFilterChain.java:193) [tomcat-embed-core-9.0.36.jar:9.0.36]
	at org.apache.catalina.core.ApplicationFilterChain.doFilter(ApplicationFilterChain.java:166) [tomcat-embed-core-9.0.36.jar:9.0.36]
	at org.springframework.web.filter.CharacterEncodingFilter.doFilterInternal(CharacterEncodingFilter.java:201) [spring-web-5.2.7.RELEASE.jar:5.2.7.RELEASE]
	at org.springframework.web.filter.OncePerRequestFilter.doFilter(OncePerRequestFilter.java:119) [spring-web-5.2.7.RELEASE.jar:5.2.7.RELEASE]
	at org.apache.catalina.core.ApplicationFilterChain.internalDoFilter(ApplicationFilterChain.java:193) [tomcat-embed-core-9.0.36.jar:9.0.36]
	at org.apache.catalina.core.ApplicationFilterChain.doFilter(ApplicationFilterChain.java:166) [tomcat-embed-core-9.0.36.jar:9.0.36]
	at org.apache.catalina.core.StandardWrapperValve.invoke(StandardWrapperValve.java:202) [tomcat-embed-core-9.0.36.jar:9.0.36]
	at org.apache.catalina.core.StandardContextValve.invoke(StandardContextValve.java:96) [tomcat-embed-core-9.0.36.jar:9.0.36]
	at org.apache.catalina.authenticator.AuthenticatorBase.invoke(AuthenticatorBase.java:541) [tomcat-embed-core-9.0.36.jar:9.0.36]
	at org.apache.catalina.core.StandardHostValve.invoke(StandardHostValve.java:139) [tomcat-embed-core-9.0.36.jar:9.0.36]
	at org.apache.catalina.valves.ErrorReportValve.invoke(ErrorReportValve.java:92) [tomcat-embed-core-9.0.36.jar:9.0.36]
	at org.apache.catalina.core.StandardEngineValve.invoke(StandardEngineValve.java:74) [tomcat-embed-core-9.0.36.jar:9.0.36]
	at org.apache.catalina.connector.CoyoteAdapter.service(CoyoteAdapter.java:343) [tomcat-embed-core-9.0.36.jar:9.0.36]
	at org.apache.coyote.http11.Http11Processor.service(Http11Processor.java:373) [tomcat-embed-core-9.0.36.jar:9.0.36]
	at org.apache.coyote.AbstractProcessorLight.process(AbstractProcessorLight.java:65) [tomcat-embed-core-9.0.36.jar:9.0.36]
	at org.apache.coyote.AbstractProtocol$ConnectionHandler.process(AbstractProtocol.java:868) [tomcat-embed-core-9.0.36.jar:9.0.36]
	at org.apache.tomcat.util.net.NioEndpoint$SocketProcessor.doRun(NioEndpoint.java:1590) [tomcat-embed-core-9.0.36.jar:9.0.36]
	at org.apache.tomcat.util.net.SocketProcessorBase.run(SocketProcessorBase.java:49) [tomcat-embed-core-9.0.36.jar:9.0.36]
	at java.util.concurrent.ThreadPoolExecutor.runWorker(ThreadPoolExecutor.java:1149) [na:1.8.0_211]
	at java.util.concurrent.ThreadPoolExecutor$Worker.run(ThreadPoolExecutor.java:624) [na:1.8.0_211]
	at org.apache.tomcat.util.threads.TaskThread$WrappingRunnable.run(TaskThread.java:61) [tomcat-embed-core-9.0.36.jar:9.0.36]
	at java.lang.Thread.run(Thread.java:748) [na:1.8.0_211]

2020-08-11 11:16:32.192  INFO 2204 --- [main] indi.ipan.DummyTest                      : Starting DummyTest on DESKTOP-NP2DBR7 with PID 2204 (started by Administrator in C:\Users\Administrator\eclipse-workspace\iPan)
2020-08-11 11:16:32.194  INFO 2204 --- [main] indi.ipan.DummyTest                      : No active profile set, falling back to default profiles: default
2020-08-11 11:16:33.064  WARN 2204 --- [main] o.m.s.mapper.ClassPathMapperScanner      : Skipping MapperFactoryBean with name 'fileDao' and 'indi.ipan.dao.FileDao' mapperInterface. Bean already defined with the same name!
2020-08-11 11:16:33.064  WARN 2204 --- [main] o.m.s.mapper.ClassPathMapperScanner      : Skipping MapperFactoryBean with name 'logDao' and 'indi.ipan.dao.LogDao' mapperInterface. Bean already defined with the same name!
2020-08-11 11:16:33.064  WARN 2204 --- [main] o.m.s.mapper.ClassPathMapperScanner      : Skipping MapperFactoryBean with name 'userDao' and 'indi.ipan.dao.UserDao' mapperInterface. Bean already defined with the same name!
2020-08-11 11:16:33.065  WARN 2204 --- [main] o.m.s.mapper.ClassPathMapperScanner      : No MyBatis mapper was found in '[indi.ipan.dao]' package. Please check your configuration.
2020-08-11 11:16:33.067  WARN 2204 --- [main] o.m.s.mapper.ClassPathMapperScanner      : Skipping MapperFactoryBean with name 'fileDao' and 'indi.ipan.dao.FileDao' mapperInterface. Bean already defined with the same name!
2020-08-11 11:16:33.067  WARN 2204 --- [main] o.m.s.mapper.ClassPathMapperScanner      : Skipping MapperFactoryBean with name 'logDao' and 'indi.ipan.dao.LogDao' mapperInterface. Bean already defined with the same name!
2020-08-11 11:16:33.067  WARN 2204 --- [main] o.m.s.mapper.ClassPathMapperScanner      : Skipping MapperFactoryBean with name 'userDao' and 'indi.ipan.dao.UserDao' mapperInterface. Bean already defined with the same name!
2020-08-11 11:16:33.067  WARN 2204 --- [main] o.m.s.mapper.ClassPathMapperScanner      : No MyBatis mapper was found in '[indi.ipan.dao]' package. Please check your configuration.
2020-08-11 11:16:33.563  INFO 2204 --- [main] trationDelegate$BeanPostProcessorChecker : Bean 'druiDataSource' of type [com.alibaba.druid.pool.DruidDataSource] is not eligible for getting processed by all BeanPostProcessors (for example: not eligible for auto-proxying)
2020-08-11 11:16:33.678  INFO 2204 --- [main] trationDelegate$BeanPostProcessorChecker : Bean 'spring.datasource-org.springframework.boot.autoconfigure.jdbc.DataSourceProperties' of type [org.springframework.boot.autoconfigure.jdbc.DataSourceProperties] is not eligible for getting processed by all BeanPostProcessors (for example: not eligible for auto-proxying)
2020-08-11 11:16:33.690  INFO 2204 --- [main] trationDelegate$BeanPostProcessorChecker : Bean 'org.springframework.boot.autoconfigure.jdbc.DataSourceInitializerInvoker' of type [org.springframework.boot.autoconfigure.jdbc.DataSourceInitializerInvoker] is not eligible for getting processed by all BeanPostProcessors (for example: not eligible for auto-proxying)
2020-08-11 11:16:33.709  INFO 2204 --- [main] trationDelegate$BeanPostProcessorChecker : Bean 'txManager1' of type [org.springframework.jdbc.datasource.DataSourceTransactionManager] is not eligible for getting processed by all BeanPostProcessors (for example: not eligible for auto-proxying)
2020-08-11 11:16:33.716  INFO 2204 --- [main] trationDelegate$BeanPostProcessorChecker : Bean 'druidConfig' of type [indi.ipan.config.DruidConfig$$EnhancerBySpringCGLIB$$94fc16bf] is not eligible for getting processed by all BeanPostProcessors (for example: not eligible for auto-proxying)
2020-08-11 11:16:35.357  INFO 2204 --- [main] o.s.s.concurrent.ThreadPoolTaskExecutor  : Initializing ExecutorService 'applicationTaskExecutor'
2020-08-11 11:16:36.078  INFO 2204 --- [main] o.s.b.a.e.web.EndpointLinksResolver      : Exposing 2 endpoint(s) beneath base path '/actuator'
2020-08-11 11:16:36.154  INFO 2204 --- [main] indi.ipan.DummyTest                      : Started DummyTest in 4.353 seconds (JVM running for 5.184)
2020-08-11 11:16:36.371  INFO 2204 --- [main] indi.ipan.aspect.ControllerAspect        : sessionid={1
2020-08-11 11:16:36.371  INFO 2204 --- [main] indi.ipan.aspect.ControllerAspect        : url=http://localhost
2020-08-11 11:16:36.372  INFO 2204 --- [main] indi.ipan.aspect.ControllerAspect        : method=
2020-08-11 11:16:36.372  INFO 2204 --- [main] indi.ipan.aspect.ControllerAspect        : ip=127.0.0.1
2020-08-11 11:16:36.374  INFO 2204 --- [main] indi.ipan.aspect.ControllerAspect        : class_method=indi.ipan.controller.FileController.renameFile
2020-08-11 11:16:36.374  INFO 2204 --- [main] indi.ipan.aspect.ControllerAspect        : args=[1234, 3, 8]
2020-08-11 11:16:37.052  INFO 2204 --- [main] com.alibaba.druid.pool.DruidDataSource   : {dataSource-1} inited
2020-08-11 11:16:37.112 DEBUG 2204 --- [main] indi.ipan.mapper.LogMapperTest.insert    : ==>  Preparing: INSERT INTO user_operation_log ( username, operation, count ) VALUES ( ?, ?, ? ) 
2020-08-11 11:16:37.271 DEBUG 2204 --- [main] indi.ipan.mapper.LogMapperTest.insert    : ==> Parameters: 1234(String), renameFile(String), 1(Integer)
2020-08-11 11:16:37.276 DEBUG 2204 --- [main] indi.ipan.mapper.LogMapperTest.insert    : <==    Updates: 1
2020-08-11 11:16:37.330 DEBUG 2204 --- [main] i.i.mapper.FileMapperTest.selectCount    : ==>  Preparing: SELECT COUNT( 1 ) FROM file WHERE file_name=? AND username=? 
2020-08-11 11:16:37.367 DEBUG 2204 --- [main] i.i.mapper.FileMapperTest.selectCount    : ==> Parameters: 3(String), 1234(String)
2020-08-11 11:16:37.379 DEBUG 2204 --- [main] i.i.mapper.FileMapperTest.selectCount    : <==      Total: 1
2020-08-11 11:16:37.383 DEBUG 2204 --- [main] i.i.mapper.FileMapperTest.selectCount    : ==>  Preparing: SELECT COUNT( 1 ) FROM file WHERE file_name=? AND username=? 
2020-08-11 11:16:37.384 DEBUG 2204 --- [main] i.i.mapper.FileMapperTest.selectCount    : ==> Parameters: 8(String), 1234(String)
2020-08-11 11:16:37.385 DEBUG 2204 --- [main] i.i.mapper.FileMapperTest.selectCount    : <==      Total: 1
2020-08-11 11:16:37.389 DEBUG 2204 --- [main] indi.ipan.mapper.FileMapperTest.update   : ==>  Preparing: UPDATE file SET file_name=?, username=? WHERE file_name=? AND username=? 
2020-08-11 11:16:37.392 DEBUG 2204 --- [main] indi.ipan.mapper.FileMapperTest.update   : ==> Parameters: 8(String), 1234(String), 3(String), 1234(String)
2020-08-11 11:16:37.394 DEBUG 2204 --- [main] indi.ipan.mapper.FileMapperTest.update   : <==    Updates: 1
2020-08-11 11:16:37.400 ERROR 2204 --- [main] indi.ipan.service.impl.FileSeriveImpl    : / by zero

java.lang.ArithmeticException: / by zero
	at indi.ipan.service.impl.FileSeriveImpl.renameFile(FileSeriveImpl.java:128) ~[classes/:na]
	at indi.ipan.service.impl.FileSeriveImpl$$FastClassBySpringCGLIB$$63af4ff3.invoke(<generated>) [classes/:na]
	at org.springframework.cglib.proxy.MethodProxy.invoke(MethodProxy.java:218) [spring-core-5.2.7.RELEASE.jar:5.2.7.RELEASE]
	at org.springframework.aop.framework.CglibAopProxy$DynamicAdvisedInterceptor.intercept(CglibAopProxy.java:687) [spring-aop-5.2.7.RELEASE.jar:5.2.7.RELEASE]
	at indi.ipan.service.impl.FileSeriveImpl$$EnhancerBySpringCGLIB$$3ce1df11.renameFile(<generated>) [classes/:na]
	at indi.ipan.controller.FileController.renameFile(FileController.java:74) [classes/:na]
	at indi.ipan.controller.FileController$$FastClassBySpringCGLIB$$590bb314.invoke(<generated>) [classes/:na]
	at org.springframework.cglib.proxy.MethodProxy.invoke(MethodProxy.java:218) [spring-core-5.2.7.RELEASE.jar:5.2.7.RELEASE]
	at org.springframework.aop.framework.CglibAopProxy$CglibMethodInvocation.invokeJoinpoint(CglibAopProxy.java:771) [spring-aop-5.2.7.RELEASE.jar:5.2.7.RELEASE]
	at org.springframework.aop.framework.ReflectiveMethodInvocation.proceed(ReflectiveMethodInvocation.java:163) [spring-aop-5.2.7.RELEASE.jar:5.2.7.RELEASE]
	at org.springframework.aop.framework.CglibAopProxy$CglibMethodInvocation.proceed(CglibAopProxy.java:749) [spring-aop-5.2.7.RELEASE.jar:5.2.7.RELEASE]
	at org.springframework.aop.aspectj.AspectJAfterThrowingAdvice.invoke(AspectJAfterThrowingAdvice.java:62) [spring-aop-5.2.7.RELEASE.jar:5.2.7.RELEASE]
	at org.springframework.aop.framework.ReflectiveMethodInvocation.proceed(ReflectiveMethodInvocation.java:186) [spring-aop-5.2.7.RELEASE.jar:5.2.7.RELEASE]
	at org.springframework.aop.framework.CglibAopProxy$CglibMethodInvocation.proceed(CglibAopProxy.java:749) [spring-aop-5.2.7.RELEASE.jar:5.2.7.RELEASE]
	at org.springframework.aop.framework.adapter.AfterReturningAdviceInterceptor.invoke(AfterReturningAdviceInterceptor.java:55) [spring-aop-5.2.7.RELEASE.jar:5.2.7.RELEASE]
	at org.springframework.aop.framework.ReflectiveMethodInvocation.proceed(ReflectiveMethodInvocation.java:186) [spring-aop-5.2.7.RELEASE.jar:5.2.7.RELEASE]
	at org.springframework.aop.framework.CglibAopProxy$CglibMethodInvocation.proceed(CglibAopProxy.java:749) [spring-aop-5.2.7.RELEASE.jar:5.2.7.RELEASE]
	at org.springframework.aop.framework.adapter.MethodBeforeAdviceInterceptor.invoke(MethodBeforeAdviceInterceptor.java:56) [spring-aop-5.2.7.RELEASE.jar:5.2.7.RELEASE]
	at org.springframework.aop.framework.ReflectiveMethodInvocation.proceed(ReflectiveMethodInvocation.java:186) [spring-aop-5.2.7.RELEASE.jar:5.2.7.RELEASE]
	at org.springframework.aop.framework.CglibAopProxy$CglibMethodInvocation.proceed(CglibAopProxy.java:749) [spring-aop-5.2.7.RELEASE.jar:5.2.7.RELEASE]
	at org.springframework.aop.interceptor.ExposeInvocationInterceptor.invoke(ExposeInvocationInterceptor.java:95) [spring-aop-5.2.7.RELEASE.jar:5.2.7.RELEASE]
	at org.springframework.aop.framework.ReflectiveMethodInvocation.proceed(ReflectiveMethodInvocation.java:186) [spring-aop-5.2.7.RELEASE.jar:5.2.7.RELEASE]
	at org.springframework.aop.framework.CglibAopProxy$CglibMethodInvocation.proceed(CglibAopProxy.java:749) [spring-aop-5.2.7.RELEASE.jar:5.2.7.RELEASE]
	at org.springframework.aop.framework.CglibAopProxy$DynamicAdvisedInterceptor.intercept(CglibAopProxy.java:691) [spring-aop-5.2.7.RELEASE.jar:5.2.7.RELEASE]
	at indi.ipan.controller.FileController$$EnhancerBySpringCGLIB$$5c2b7d0d.renameFile(<generated>) [classes/:na]
	at indi.ipan.DummyTest.test(DummyTest.java:32) [test-classes/:na]
	at sun.reflect.NativeMethodAccessorImpl.invoke0(Native Method) ~[na:1.8.0_211]
	at sun.reflect.NativeMethodAccessorImpl.invoke(NativeMethodAccessorImpl.java:62) ~[na:1.8.0_211]
	at sun.reflect.DelegatingMethodAccessorImpl.invoke(DelegatingMethodAccessorImpl.java:43) ~[na:1.8.0_211]
	at java.lang.reflect.Method.invoke(Method.java:498) ~[na:1.8.0_211]
	at org.junit.platform.commons.util.ReflectionUtils.invokeMethod(ReflectionUtils.java:686) [junit-platform-commons-1.6.2.jar:1.6.2]
	at org.junit.jupiter.engine.execution.MethodInvocation.proceed(MethodInvocation.java:60) [junit-jupiter-engine-5.6.2.jar:5.6.2]
	at org.junit.jupiter.engine.execution.InvocationInterceptorChain$ValidatingInvocation.proceed(InvocationInterceptorChain.java:131) [junit-jupiter-engine-5.6.2.jar:5.6.2]
	at org.junit.jupiter.engine.extension.TimeoutExtension.intercept(TimeoutExtension.java:149) [junit-jupiter-engine-5.6.2.jar:5.6.2]
	at org.junit.jupiter.engine.extension.TimeoutExtension.interceptTestableMethod(TimeoutExtension.java:140) [junit-jupiter-engine-5.6.2.jar:5.6.2]
	at org.junit.jupiter.engine.extension.TimeoutExtension.interceptTestMethod(TimeoutExtension.java:84) [junit-jupiter-engine-5.6.2.jar:5.6.2]
	at org.junit.jupiter.engine.execution.ExecutableInvoker$ReflectiveInterceptorCall.lambda$ofVoidMethod$0(ExecutableInvoker.java:115) ~[junit-jupiter-engine-5.6.2.jar:5.6.2]
	at org.junit.jupiter.engine.execution.ExecutableInvoker.lambda$invoke$0(ExecutableInvoker.java:105) ~[junit-jupiter-engine-5.6.2.jar:5.6.2]
	at org.junit.jupiter.engine.execution.InvocationInterceptorChain$InterceptedInvocation.proceed(InvocationInterceptorChain.java:106) ~[junit-jupiter-engine-5.6.2.jar:5.6.2]
	at org.junit.jupiter.engine.execution.InvocationInterceptorChain.proceed(InvocationInterceptorChain.java:64) ~[junit-jupiter-engine-5.6.2.jar:5.6.2]
	at org.junit.jupiter.engine.execution.InvocationInterceptorChain.chainAndInvoke(InvocationInterceptorChain.java:45) ~[junit-jupiter-engine-5.6.2.jar:5.6.2]
	at org.junit.jupiter.engine.execution.InvocationInterceptorChain.invoke(InvocationInterceptorChain.java:37) ~[junit-jupiter-engine-5.6.2.jar:5.6.2]
	at org.junit.jupiter.engine.execution.ExecutableInvoker.invoke(ExecutableInvoker.java:104) ~[junit-jupiter-engine-5.6.2.jar:5.6.2]
	at org.junit.jupiter.engine.execution.ExecutableInvoker.invoke(ExecutableInvoker.java:98) ~[junit-jupiter-engine-5.6.2.jar:5.6.2]
	at org.junit.jupiter.engine.descriptor.TestMethodTestDescriptor.lambda$invokeTestMethod$6(TestMethodTestDescriptor.java:212) ~[junit-jupiter-engine-5.6.2.jar:5.6.2]
	at org.junit.platform.engine.support.hierarchical.ThrowableCollector.execute(ThrowableCollector.java:73) ~[junit-platform-engine-1.6.2.jar:1.6.2]
	at org.junit.jupiter.engine.descriptor.TestMethodTestDescriptor.invokeTestMethod(TestMethodTestDescriptor.java:208) ~[junit-jupiter-engine-5.6.2.jar:5.6.2]
	at org.junit.jupiter.engine.descriptor.TestMethodTestDescriptor.execute(TestMethodTestDescriptor.java:137) ~[junit-jupiter-engine-5.6.2.jar:5.6.2]
	at org.junit.jupiter.engine.descriptor.TestMethodTestDescriptor.execute(TestMethodTestDescriptor.java:71) ~[junit-jupiter-engine-5.6.2.jar:5.6.2]
	at org.junit.platform.engine.support.hierarchical.NodeTestTask.lambda$executeRecursively$5(NodeTestTask.java:135) ~[junit-platform-engine-1.6.2.jar:1.6.2]
	at org.junit.platform.engine.support.hierarchical.ThrowableCollector.execute(ThrowableCollector.java:73) ~[junit-platform-engine-1.6.2.jar:1.6.2]
	at org.junit.platform.engine.support.hierarchical.NodeTestTask.lambda$executeRecursively$7(NodeTestTask.java:125) ~[junit-platform-engine-1.6.2.jar:1.6.2]
	at org.junit.platform.engine.support.hierarchical.Node.around(Node.java:135) ~[junit-platform-engine-1.6.2.jar:1.6.2]
	at org.junit.platform.engine.support.hierarchical.NodeTestTask.lambda$executeRecursively$8(NodeTestTask.java:123) ~[junit-platform-engine-1.6.2.jar:1.6.2]
	at org.junit.platform.engine.support.hierarchical.ThrowableCollector.execute(ThrowableCollector.java:73) ~[junit-platform-engine-1.6.2.jar:1.6.2]
	at org.junit.platform.engine.support.hierarchical.NodeTestTask.executeRecursively(NodeTestTask.java:122) ~[junit-platform-engine-1.6.2.jar:1.6.2]
	at org.junit.platform.engine.support.hierarchical.NodeTestTask.execute(NodeTestTask.java:80) ~[junit-platform-engine-1.6.2.jar:1.6.2]
	at java.util.ArrayList.forEach(ArrayList.java:1257) ~[na:1.8.0_211]
	at org.junit.platform.engine.support.hierarchical.SameThreadHierarchicalTestExecutorService.invokeAll(SameThreadHierarchicalTestExecutorService.java:38) ~[junit-platform-engine-1.6.2.jar:1.6.2]
	at org.junit.platform.engine.support.hierarchical.NodeTestTask.lambda$executeRecursively$5(NodeTestTask.java:139) ~[junit-platform-engine-1.6.2.jar:1.6.2]
	at org.junit.platform.engine.support.hierarchical.ThrowableCollector.execute(ThrowableCollector.java:73) ~[junit-platform-engine-1.6.2.jar:1.6.2]
	at org.junit.platform.engine.support.hierarchical.NodeTestTask.lambda$executeRecursively$7(NodeTestTask.java:125) ~[junit-platform-engine-1.6.2.jar:1.6.2]
	at org.junit.platform.engine.support.hierarchical.Node.around(Node.java:135) ~[junit-platform-engine-1.6.2.jar:1.6.2]
	at org.junit.platform.engine.support.hierarchical.NodeTestTask.lambda$executeRecursively$8(NodeTestTask.java:123) ~[junit-platform-engine-1.6.2.jar:1.6.2]
	at org.junit.platform.engine.support.hierarchical.ThrowableCollector.execute(ThrowableCollector.java:73) ~[junit-platform-engine-1.6.2.jar:1.6.2]
	at org.junit.platform.engine.support.hierarchical.NodeTestTask.executeRecursively(NodeTestTask.java:122) ~[junit-platform-engine-1.6.2.jar:1.6.2]
	at org.junit.platform.engine.support.hierarchical.NodeTestTask.execute(NodeTestTask.java:80) ~[junit-platform-engine-1.6.2.jar:1.6.2]
	at java.util.ArrayList.forEach(ArrayList.java:1257) ~[na:1.8.0_211]
	at org.junit.platform.engine.support.hierarchical.SameThreadHierarchicalTestExecutorService.invokeAll(SameThreadHierarchicalTestExecutorService.java:38) ~[junit-platform-engine-1.6.2.jar:1.6.2]
	at org.junit.platform.engine.support.hierarchical.NodeTestTask.lambda$executeRecursively$5(NodeTestTask.java:139) ~[junit-platform-engine-1.6.2.jar:1.6.2]
	at org.junit.platform.engine.support.hierarchical.ThrowableCollector.execute(ThrowableCollector.java:73) ~[junit-platform-engine-1.6.2.jar:1.6.2]
	at org.junit.platform.engine.support.hierarchical.NodeTestTask.lambda$executeRecursively$7(NodeTestTask.java:125) ~[junit-platform-engine-1.6.2.jar:1.6.2]
	at org.junit.platform.engine.support.hierarchical.Node.around(Node.java:135) ~[junit-platform-engine-1.6.2.jar:1.6.2]
	at org.junit.platform.engine.support.hierarchical.NodeTestTask.lambda$executeRecursively$8(NodeTestTask.java:123) ~[junit-platform-engine-1.6.2.jar:1.6.2]
	at org.junit.platform.engine.support.hierarchical.ThrowableCollector.execute(ThrowableCollector.java:73) ~[junit-platform-engine-1.6.2.jar:1.6.2]
	at org.junit.platform.engine.support.hierarchical.NodeTestTask.executeRecursively(NodeTestTask.java:122) ~[junit-platform-engine-1.6.2.jar:1.6.2]
	at org.junit.platform.engine.support.hierarchical.NodeTestTask.execute(NodeTestTask.java:80) ~[junit-platform-engine-1.6.2.jar:1.6.2]
	at org.junit.platform.engine.support.hierarchical.SameThreadHierarchicalTestExecutorService.submit(SameThreadHierarchicalTestExecutorService.java:32) ~[junit-platform-engine-1.6.2.jar:1.6.2]
	at org.junit.platform.engine.support.hierarchical.HierarchicalTestExecutor.execute(HierarchicalTestExecutor.java:57) ~[junit-platform-engine-1.6.2.jar:1.6.2]
	at org.junit.platform.engine.support.hierarchical.HierarchicalTestEngine.execute(HierarchicalTestEngine.java:51) ~[junit-platform-engine-1.6.2.jar:1.6.2]
	at org.junit.platform.launcher.core.DefaultLauncher.execute(DefaultLauncher.java:248) ~[junit-platform-launcher-1.6.2.jar:1.6.2]
	at org.junit.platform.launcher.core.DefaultLauncher.lambda$execute$5(DefaultLauncher.java:211) ~[junit-platform-launcher-1.6.2.jar:1.6.2]
	at org.junit.platform.launcher.core.DefaultLauncher.withInterceptedStreams(DefaultLauncher.java:226) ~[junit-platform-launcher-1.6.2.jar:1.6.2]
	at org.junit.platform.launcher.core.DefaultLauncher.execute(DefaultLauncher.java:199) ~[junit-platform-launcher-1.6.2.jar:1.6.2]
	at org.junit.platform.launcher.core.DefaultLauncher.execute(DefaultLauncher.java:141) ~[junit-platform-launcher-1.6.2.jar:1.6.2]
	at org.eclipse.jdt.internal.junit5.runner.JUnit5TestReference.run(JUnit5TestReference.java:98) ~[.cp/:na]
	at org.eclipse.jdt.internal.junit.runner.TestExecution.run(TestExecution.java:41) ~[.cp/:na]
	at org.eclipse.jdt.internal.junit.runner.RemoteTestRunner.runTests(RemoteTestRunner.java:542) ~[.cp/:na]
	at org.eclipse.jdt.internal.junit.runner.RemoteTestRunner.runTests(RemoteTestRunner.java:770) ~[.cp/:na]
	at org.eclipse.jdt.internal.junit.runner.RemoteTestRunner.run(RemoteTestRunner.java:464) ~[.cp/:na]
	at org.eclipse.jdt.internal.junit.runner.RemoteTestRunner.main(RemoteTestRunner.java:210) ~[.cp/:na]

2020-08-11 11:16:37.408 DEBUG 2204 --- [main] i.ipan.mapper.LogMapperTest.updateById   : ==>  Preparing: UPDATE user_operation_log SET username=?, operation=?, count=?, status=? WHERE id=? 
2020-08-11 11:16:37.410 DEBUG 2204 --- [main] i.ipan.mapper.LogMapperTest.updateById   : ==> Parameters: 1234(String), renameFile(String), 1(Integer), false(Boolean), 41(Integer)
2020-08-11 11:16:37.413 DEBUG 2204 --- [main] i.ipan.mapper.LogMapperTest.updateById   : <==    Updates: 1
2020-08-11 11:16:37.418  INFO 2204 --- [main] indi.ipan.aspect.ControllerAspect        : Operation fail
2020-08-11 11:16:37.450  INFO 2204 --- [SpringContextShutdownHook] o.s.s.concurrent.ThreadPoolTaskExecutor  : Shutting down ExecutorService 'applicationTaskExecutor'
2020-08-11 11:16:37.452  INFO 2204 --- [SpringContextShutdownHook] com.alibaba.druid.pool.DruidDataSource   : {dataSource-1} closing ...
2020-08-11 11:16:37.459  INFO 2204 --- [SpringContextShutdownHook] com.alibaba.druid.pool.DruidDataSource   : {dataSource-1} closed
